
======================================================================
  TOOL : BOM Check
  START: 2026-03-24 10:20:15
======================================================================
[10:19:57]  Opening workbook: J15302-01 BOM.xlsx
[10:19:58]  Found 14 part numbers to process.
[10:19:58]  Pass 1  —  Stock Parts Check
[10:19:59]    200-30438                     STOCK
[10:20:01]    250-00024                     STOCK
[10:20:02]    250-30065                     STOCK
[10:20:02]    250-20058-001                 STOCK
[10:20:03]    250-20057                     STOCK
[10:20:03]    250-20065 RevB                STOCK
[10:20:04]    6 stock  /  8 non-stock
[10:20:04]  Pass 2  —  Non-Stock PDF + DXF Copy
[10:20:05]    200-90001                           PDF: exists        DXF: exists
[10:20:06]    240-90004                           PDF: exists        DXF: exists
[10:20:08]    240-90007                           PDF: exists        DXF: exists
[10:20:09]    240-90006                           PDF: exists        DXF: exists
[10:20:10]    240-90005                           PDF: exists        DXF: exists
[10:20:11]    250-40121                           PDF: exists        DXF: exists
[10:20:13]    250-30089                    [rA]   PDF: exists        DXF: exists
[10:20:14]    250-90002                           PDF: exists        DXF: exists
[10:20:14]    PDFs  copied 0  existed 8  not found 0
[10:20:14]    DXFs  copied 0  existed 8  not found 0
[10:20:14]  Workbook saved.
[10:20:15]  Done.

======================================================================
  TOOL : Doc Prep & Print
  START: 2026-03-24 10:22:54
======================================================================
[10:22:46]  Simulation output: \\npsvr05\FOXFAB_REDIRECT$\lbadong\Desktop\Engineering Tool Hub\EngineeringToolHub\Simulated_Print_Output_MultipleJobs_20260324_102246
[10:22:46]    ▶  Fabrication Work Order
[10:22:46]       ✓  Fabrication Work Order
[10:22:46]    ▶  BOM
[10:22:50]       ✗  BOM: '<win32com.gen_py.Microsoft Excel 16.0 Object Library._Workbook instance at 0x2625719908976>' object has no attribute '__len__'
[10:22:50]       Skipping to next section...
[10:22:50]    ▶  CNC (duplex): 200-90002.pdf
[10:22:50]       ✓  CNC (duplex): 200-90002.pdf
[10:22:50]    ▶  CNC (duplex): 250-90002.pdf
[10:22:50]       ✓  CNC (duplex): 250-90002.pdf
[10:22:50]    ▶  CNC (duplex): J15302-01_14GALV.pdf
[10:22:50]       ✓  CNC (duplex): J15302-01_14GALV.pdf
[10:22:50]    ▶  CNC (duplex): J15302-02_12GALV.pdf
[10:22:50]       ✓  CNC (duplex): J15302-02_12GALV.pdf
[10:22:50]    ▶  CNC (duplex): J15302-02_14 GALV.pdf
[10:22:50]       ✓  CNC (duplex): J15302-02_14 GALV.pdf
[10:22:50]    ▶  CNC Simplex (merged)
[10:22:50]       ✓  CNC Simplex (merged)
[10:22:50]    ▶  PDFs_Flats (merged)
[10:22:51]       ✓  PDFs_Flats (merged)
[10:22:51]    ▶  Production Release Form
[10:22:52]       ✗  Production Release Form: '<win32com.gen_py.Microsoft Excel 16.0 Object Library._Workbook instance at 0x2625823866016>' object has no attribute '__len__'
[10:22:52]       Skipping to next section...
[10:22:53]    ▶  Electrical Pack (pages 1-2)
[10:22:53]       ✓  Electrical Pack (pages 1-2)
[10:22:53]    ▶  Assemblies (merged)
[10:22:53]       ✓  Assemblies (merged)
[10:22:53]    ▶  Cleanup Excel
[10:22:53]       ✓  Cleanup Excel
[10:22:53]  Simulation complete. Output: \\npsvr05\FOXFAB_REDIRECT$\lbadong\Desktop\Engineering Tool Hub\EngineeringToolHub\Simulated_Print_Output_MultipleJobs_20260324_102246

======================================================================
  TOOL : SW Batch Update
  START: 2026-03-24 10:25:51
======================================================================
[10:25:50]  Connecting to SolidWorks...
[10:25:50]  Connected to SolidWorks.
[10:25:50]  Found 23 SolidWorks files in source folder.
[10:25:50]    SKIP  003-90043.SLDASM  (003- prefix)
[10:25:50]      props error — could not open: (-2147352571, 'Type mismatch.', None, 5)
[10:25:50]    100-90169.SLDASM                               props: failed
[10:25:50]      props error — could not open: (-2147352571, 'Type mismatch.', None, 5)
[10:25:50]    100-90171.SLDASM                               props: failed
[10:25:50]      props error — could not open: (-2147352571, 'Type mismatch.', None, 5)
[10:25:50]    100-90172.SLDASM                               props: failed
[10:25:50]      props error — could not open: (-2147352571, 'Type mismatch.', None, 5)
[10:25:50]    100-90173.SLDASM                               props: failed
[10:25:50]      props error — could not open: (-2147352571, 'Type mismatch.', None, 5)
[10:25:50]    100-90174.SLDASM                               props: failed
[10:25:50]      props error — could not open: (-2147352571, 'Type mismatch.', None, 5)
[10:25:50]    240-90391.SLDPRT                               props: failed
[10:25:51]      props error — could not open: (-2147352571, 'Type mismatch.', None, 5)
[10:25:51]    240-90392.SLDPRT                               props: failed
[10:25:51]      props error — could not open: (-2147352571, 'Type mismatch.', None, 5)
[10:25:51]    240-90393.SLDPRT                               props: failed
[10:25:51]      props error — could not open: (-2147352571, 'Type mismatch.', None, 5)
[10:25:51]    240-90394 - Rollback bar check.SLDPRT          props: failed
[10:25:51]      props error — could not open: (-2147352571, 'Type mismatch.', None, 5)
[10:25:51]    250-90355 - feature tree error.SLDPRT          props: failed
[10:25:51]      props error — could not open: (-2147352571, 'Type mismatch.', None, 5)
[10:25:51]    250-90356.SLDASM                               props: failed
[10:25:51]      props error — could not open: (-2147352571, 'Type mismatch.', None, 5)
[10:25:51]    250-90357 - Flat pattern broken.SLDPRT         props: failed
[10:25:51]      props error — could not open: (-2147352571, 'Type mismatch.', None, 5)
[10:25:51]    250-90358 - Feature tree error.SLDPRT          props: failed
[10:25:51]      props error — could not open: (-2147352571, 'Type mismatch.', None, 5)
[10:25:51]    250-90359.SLDPRT                               props: failed
[10:25:51]      props error — could not open: (-2147352571, 'Type mismatch.', None, 5)
[10:25:51]    250-90360.SLDPRT                               props: failed
[10:25:51]      props error — could not open: (-2147352571, 'Type mismatch.', None, 5)
[10:25:51]    250-90361.SLDPRT                               props: failed
[10:25:51]      props error — could not open: (-2147352571, 'Type mismatch.', None, 5)
[10:25:51]    250-90362.SLDASM                               props: failed
[10:25:51]      props error — could not open: (-2147352571, 'Type mismatch.', None, 5)
[10:25:51]    250-90362.SLDPRT                               props: failed
[10:25:51]      props error — could not open: (-2147352571, 'Type mismatch.', None, 5)
[10:25:51]    295-90032.SLDPRT                               props: failed
[10:25:51]      props error — could not open: (-2147352571, 'Type mismatch.', None, 5)
[10:25:51]    295-90033.SLDPRT                               props: failed
[10:25:51]      props error — could not open: (-2147352571, 'Type mismatch.', None, 5)
[10:25:51]    ~$003-40126.SLDASM                             props: failed
[10:25:51]      props error — could not open: (-2147352571, 'Type mismatch.', None, 5)
[10:25:51]    ~$003-40126.SLDDRW                             props: failed
[10:25:51]  
[10:25:51]  Summary
[10:25:51]    Properties   updated 0   skipped 1   failed 22
[10:25:51]  SW Batch Update complete.

======================================================================
  TOOL : SW Batch Update
  START: 2026-03-24 10:35:33
======================================================================
[10:35:10]  Connecting to SolidWorks...
[10:35:10]  Connected to SolidWorks.
[10:35:10]  Found 23 SolidWorks files in source folder.
[10:35:10]    SKIP  003-90043.SLDASM  (003- prefix)
[10:35:12]    ERROR  100-90169.SLDASM  props: (-2147352571, 'Type mismatch.', None, 2)
[10:35:12]    100-90169.SLDASM                               props: error
[10:35:22]    ERROR  100-90171.SLDASM  props: (-2147352571, 'Type mismatch.', None, 2)
[10:35:22]    100-90171.SLDASM                               props: error
[10:35:22]    ERROR  100-90172.SLDASM  props: (-2147352571, 'Type mismatch.', None, 2)
[10:35:22]    100-90172.SLDASM                               props: error
[10:35:24]    ERROR  100-90173.SLDASM  props: (-2147352571, 'Type mismatch.', None, 2)
[10:35:24]    100-90173.SLDASM                               props: error
[10:35:25]    ERROR  100-90174.SLDASM  props: (-2147352571, 'Type mismatch.', None, 2)
[10:35:26]    100-90174.SLDASM                               props: error
[10:35:26]    ERROR  240-90391.SLDPRT  props: (-2147352571, 'Type mismatch.', None, 2)
[10:35:27]    ERROR  240-90391.SLDPRT  dxf: (-2147352573, 'Member not found.', None, None)
[10:35:27]    240-90391.SLDPRT                               props: error  |  dxf: error
[10:35:27]    ERROR  240-90392.SLDPRT  props: (-2147352571, 'Type mismatch.', None, 2)
[10:35:27]    ERROR  240-90392.SLDPRT  dxf: (-2147352573, 'Member not found.', None, None)
[10:35:27]    240-90392.SLDPRT                               props: error  |  dxf: error
[10:35:28]    ERROR  240-90393.SLDPRT  props: (-2147352571, 'Type mismatch.', None, 2)
[10:35:28]    ERROR  240-90393.SLDPRT  dxf: (-2147352573, 'Member not found.', None, None)
[10:35:28]    240-90393.SLDPRT                               props: error  |  dxf: error
[10:35:29]    ERROR  240-90394 - Rollback bar check.SLDPRT  props: (-2147352571, 'Type mismatch.', None, 2)
[10:35:29]    ERROR  240-90394 - Rollback bar check.SLDPRT  dxf: (-2147352573, 'Member not found.', None, None)
[10:35:29]    240-90394 - Rollback bar check.SLDPRT          props: error  |  dxf: error
[10:35:30]    ERROR  250-90355 - feature tree error.SLDPRT  props: (-2147352571, 'Type mismatch.', None, 2)
[10:35:30]    ERROR  250-90355 - feature tree error.SLDPRT  dxf: (-2147352573, 'Member not found.', None, None)
[10:35:30]    250-90355 - feature tree error.SLDPRT          props: error  |  dxf: error
[10:35:30]    ERROR  250-90356.SLDASM  props: (-2147352571, 'Type mismatch.', None, 2)
[10:35:30]    250-90356.SLDASM                               props: error
[10:35:31]    ERROR  250-90357 - Flat pattern broken.SLDPRT  props: (-2147352571, 'Type mismatch.', None, 2)
[10:35:31]    ERROR  250-90357 - Flat pattern broken.SLDPRT  dxf: (-2147352573, 'Member not found.', None, None)
[10:35:31]    250-90357 - Flat pattern broken.SLDPRT         props: error  |  dxf: error
[10:35:32]    ERROR  250-90358 - Feature tree error.SLDPRT  props: (-2147352571, 'Type mismatch.', None, 2)
[10:35:32]    ERROR  250-90358 - Feature tree error.SLDPRT  dxf: (-2147352573, 'Member not found.', None, None)
[10:35:32]    250-90358 - Feature tree error.SLDPRT          props: error  |  dxf: error
[10:35:33]    ERROR  250-90359.SLDPRT  props: (-2147352571, 'Type mismatch.', None, 2)
[10:35:33]    ERROR  250-90359.SLDPRT  dxf: (-2147352573, 'Member not found.', None, None)
[10:35:33]    250-90359.SLDPRT                               props: error  |  dxf: error
[10:35:33]  Stopped by user.

======================================================================
  TOOL : SW Batch Update
  START: 2026-03-24 10:48:40
======================================================================
[10:48:31]  Connecting to SolidWorks...
[10:48:31]  Connected to SolidWorks.
[10:48:31]  Found 13 SolidWorks files in source folder.
[10:48:31]    SKIP  003-90003-LAY.SLDDRW  (003- prefix)
[10:48:31]    SKIP  003-90003.SLDASM  (003- prefix)
[10:48:31]    SKIP  003-90003.SLDDRW  (003- prefix)
[10:48:33]    240-90016.SLDDRW                               props: updated
[10:48:33]    ERROR  240-90016.SLDPRT  dxf: (-2147352573, 'Member not found.', None, None)
[10:48:33]    240-90016.SLDPRT                               props: updated  |  dxf: error
[10:48:34]    240-90017.SLDDRW                               props: updated
[10:48:35]    ERROR  240-90017.SLDPRT  dxf: (-2147352573, 'Member not found.', None, None)
[10:48:35]    240-90017.SLDPRT                               props: updated  |  dxf: error
[10:48:37]    250-90005.SLDDRW                               props: updated
[10:48:38]    ERROR  250-90005.SLDPRT  dxf: (-2147352573, 'Member not found.', None, None)
[10:48:38]    250-90005.SLDPRT                               props: updated  |  dxf: error
[10:48:39]    250-90006.SLDDRW                               props: updated
[10:48:40]    ERROR  250-90006.SLDPRT  dxf: (-2147352573, 'Member not found.', None, None)
[10:48:40]    250-90006.SLDPRT                               props: updated  |  dxf: error
[10:48:40]      props error — OpenDoc6 returned None
[10:48:40]    ~$003-40126.SLDASM                             props: failed
[10:48:40]      props error — OpenDoc6 returned None
[10:48:40]    ~$003-40126.SLDDRW                             props: failed
[10:48:40]  
[10:48:40]  Summary
[10:48:40]    Properties   updated 8   skipped 3   failed 2
[10:48:40]    DXF Export   exported 0   skipped 3   failed 4
[10:48:40]  SW Batch Update complete.

======================================================================
  TOOL : SW Batch Update
  START: 2026-03-24 10:55:19
======================================================================
[10:55:18]  Connecting to SolidWorks...
[10:55:19]  FATAL: This COM object can not automate the makepy process - please run makepy manually for this object
[10:55:19]  Traceback (most recent call last):
[10:55:19]    File "C:\Users\lbadong\AppData\Roaming\Python\Python314\site-packages\win32com\client\gencache.py", line 650, in EnsureDispatch
[10:55:19]      ti = disp._oleobj_.GetTypeInfo()
[10:55:19]  pywintypes.com_error: (-2147319765, 'Element not found.', None, None)
[10:55:19]  
[10:55:19]  During handling of the above exception, another exception occurred:
[10:55:19]  
[10:55:19]  Traceback (most recent call last):
[10:55:19]    File "\\NPSVR05\FOXFAB_REDIRECT$\lbadong\Desktop\Engineering Tool Hub\EngineeringToolHub\app.py", line 1207, in _sw_worker
[10:55:19]      sw = win32com.client.gencache.EnsureDispatch("SldWorks.Application")
[10:55:19]    File "C:\Users\lbadong\AppData\Roaming\Python\Python314\site-packages\win32com\client\gencache.py", line 662, in EnsureDispatch
[10:55:19]      raise TypeError(
[10:55:19]          "This COM object can not automate the makepy process - please run makepy manually for this object"
[10:55:19]      )
[10:55:19]  TypeError: This COM object can not automate the makepy process - please run makepy manually for this object

======================================================================
  TOOL : Doc Prep & Print
  START: 2026-03-24 10:56:43
======================================================================
[10:56:35]  Simulation output: \\npsvr05\FOXFAB_REDIRECT$\lbadong\Desktop\Engineering Tool Hub\EngineeringToolHub\Simulated_Print_Output_MultipleJobs_20260324_105635
[10:56:35]    ▶  Fabrication Work Order
[10:56:35]       ✓  Fabrication Work Order
[10:56:35]    ▶  BOM
[10:56:39]       ✓  BOM
[10:56:39]    ▶  CNC (duplex): 200-90002.pdf
[10:56:39]       ✓  CNC (duplex): 200-90002.pdf
[10:56:39]    ▶  CNC (duplex): 250-90002.pdf
[10:56:39]       ✓  CNC (duplex): 250-90002.pdf
[10:56:39]    ▶  CNC (duplex): J15302-01_14GALV.pdf
[10:56:39]       ✓  CNC (duplex): J15302-01_14GALV.pdf
[10:56:39]    ▶  CNC (duplex): J15302-02_12GALV.pdf
[10:56:39]       ✓  CNC (duplex): J15302-02_12GALV.pdf
[10:56:39]    ▶  CNC (duplex): J15302-02_14 GALV.pdf
[10:56:39]       ✓  CNC (duplex): J15302-02_14 GALV.pdf
[10:56:39]    ▶  CNC Simplex (merged)
[10:56:39]       ✓  CNC Simplex (merged)
[10:56:39]    ▶  PDFs_Flats (merged)
[10:56:40]       ✓  PDFs_Flats (merged)
[10:56:40]    ▶  Production Release Form
[10:56:42]       ✓  Production Release Form
[10:56:42]    ▶  Electrical Pack (pages 1-2)
[10:56:42]       ✓  Electrical Pack (pages 1-2)
[10:56:42]    ▶  Assemblies (merged)
[10:56:42]       ✓  Assemblies (merged)
[10:56:42]    ▶  Cleanup Excel
[10:56:43]       ✓  Cleanup Excel
[10:56:43]  Simulation complete. Output: \\npsvr05\FOXFAB_REDIRECT$\lbadong\Desktop\Engineering Tool Hub\EngineeringToolHub\Simulated_Print_Output_MultipleJobs_20260324_105635

======================================================================
  TOOL : SW Batch Update
  START: 2026-03-24 11:01:49
======================================================================
[11:01:49]  Connecting to SolidWorks...
[11:01:49]  FATAL: This COM object can not automate the makepy process - please run makepy manually for this object
[11:01:49]  Traceback (most recent call last):
[11:01:49]    File "C:\Users\lbadong\AppData\Roaming\Python\Python314\site-packages\win32com\client\gencache.py", line 650, in EnsureDispatch
[11:01:49]      ti = disp._oleobj_.GetTypeInfo()
[11:01:49]  pywintypes.com_error: (-2147319765, 'Element not found.', None, None)
[11:01:49]  
[11:01:49]  During handling of the above exception, another exception occurred:
[11:01:49]  
[11:01:49]  Traceback (most recent call last):
[11:01:49]    File "\\NPSVR05\FOXFAB_REDIRECT$\lbadong\Desktop\Engineering Tool Hub\EngineeringToolHub\app.py", line 1207, in _sw_worker
[11:01:49]      sw = win32com.client.gencache.EnsureDispatch("SldWorks.Application")
[11:01:49]    File "C:\Users\lbadong\AppData\Roaming\Python\Python314\site-packages\win32com\client\gencache.py", line 662, in EnsureDispatch
[11:01:49]      raise TypeError(
[11:01:49]          "This COM object can not automate the makepy process - please run makepy manually for this object"
[11:01:49]      )
[11:01:49]  TypeError: This COM object can not automate the makepy process - please run makepy manually for this object

======================================================================
  TOOL : SW Batch Update
  START: 2026-03-24 11:04:38
======================================================================
[11:04:38]  Connecting to SolidWorks...
[11:04:38]  FATAL: (-2147319779, 'Library not registered.', None, None)
[11:04:38]  Traceback (most recent call last):
[11:04:38]    File "\\npsvr05\FOXFAB_REDIRECT$\lbadong\Desktop\Engineering Tool Hub\EngineeringToolHub\app.py", line 1207, in _sw_worker
[11:04:38]      win32com.client.gencache.EnsureModule(
[11:04:38]      ~~~~~~~~~~~~~~~~~~~~~~~~~~~~~~~~~~~~~^
[11:04:38]          '{83A33D31-27C5-11CE-BFD4-00400513BB57}', 0, 49, 0)
[11:04:38]          ^^^^^^^^^^^^^^^^^^^^^^^^^^^^^^^^^^^^^^^^^^^^^^^^^^^
[11:04:38]    File "C:\Users\lbadong\AppData\Roaming\Python\Python314\site-packages\win32com\client\gencache.py", line 627, in EnsureModule
[11:04:38]      module = MakeModuleForTypelib(
[11:04:38]          typelibCLSID,
[11:04:38]      ...<5 lines>...
[11:04:38]          bBuildHidden=bBuildHidden,
[11:04:38]      )
[11:04:38]    File "C:\Users\lbadong\AppData\Roaming\Python\Python314\site-packages\win32com\client\gencache.py", line 343, in MakeModuleForTypelib
[11:04:38]      makepy.GenerateFromTypeLibSpec(
[11:04:38]      ~~~~~~~~~~~~~~~~~~~~~~~~~~~~~~^
[11:04:38]          (typelibCLSID, lcid, major, minor),
[11:04:38]          ^^^^^^^^^^^^^^^^^^^^^^^^^^^^^^^^^^^
[11:04:38]      ...<2 lines>...
[11:04:38]          bBuildHidden=bBuildHidden,
[11:04:38]          ^^^^^^^^^^^^^^^^^^^^^^^^^^
[11:04:38]      )
[11:04:38]      ^
[11:04:38]    File "C:\Users\lbadong\AppData\Roaming\Python\Python314\site-packages\win32com\client\makepy.py", line 257, in GenerateFromTypeLibSpec
[11:04:38]      tlb = pythoncom.LoadRegTypeLib(typelibCLSID, major, minor, lcid)
[11:04:38]  pywintypes.com_error: (-2147319779, 'Library not registered.', None, None)

======================================================================
  TOOL : SW Batch Update
  START: 2026-03-24 11:10:20
======================================================================
[11:10:00]  Connecting to SolidWorks...
[11:10:00]  Connected to SolidWorks.
[11:10:00]  Found 13 SolidWorks files in source folder.
[11:10:00]    SKIP  003-90003-LAY.SLDDRW  (003- prefix)
[11:10:00]    SKIP  003-90003.SLDASM  (003- prefix)
[11:10:00]    SKIP  003-90003.SLDDRW  (003- prefix)
[11:10:01]    240-90016.SLDDRW                               props: updated
[11:10:03]      dxf error — (-2147352573, 'Member not found.', None, None)
[11:10:03]    240-90016.SLDPRT                               props: updated  |  dxf: failed
[11:10:05]    240-90017.SLDDRW                               props: updated
[11:10:06]      dxf error — (-2147352573, 'Member not found.', None, None)
[11:10:06]    240-90017.SLDPRT                               props: updated  |  dxf: failed
[11:10:11]    250-90005.SLDDRW                               props: updated
[11:10:12]      dxf error — (-2147352573, 'Member not found.', None, None)
[11:10:12]    250-90005.SLDPRT                               props: updated  |  dxf: failed
[11:10:15]    250-90006.SLDDRW                               props: updated
[11:10:15]      dxf error — (-2147352573, 'Member not found.', None, None)
[11:10:15]    250-90006.SLDPRT                               props: updated  |  dxf: failed
[11:10:18]      props error — OpenDoc6 returned None
[11:10:18]    ~$003-40126.SLDASM                             props: failed
[11:10:19]      props error — OpenDoc6 returned None
[11:10:19]    ~$003-40126.SLDDRW                             props: failed
[11:10:19]  
[11:10:19]  Summary
[11:10:19]    Properties   updated 8   skipped 3   failed 2
[11:10:19]    DXF Export   exported 0   skipped 3   failed 4
[11:10:19]  SW Batch Update complete.

======================================================================
  TOOL : SW Batch Update
  START: 2026-03-24 11:12:19
======================================================================
[11:12:11]  Connecting to SolidWorks...
[11:12:11]  Connected to SolidWorks.
[11:12:11]  Found 7 SolidWorks files in source folder.
[11:12:12]      dxf error — (-2147352573, 'Member not found.', None, None)
[11:12:12]    240-90399.SLDPRT                               props: updated  |  dxf: failed
[11:12:13]      dxf error — (-2147352573, 'Member not found.', None, None)
[11:12:14]    240-90401.SLDPRT                               props: updated  |  dxf: failed
[11:12:15]      dxf error — (-2147352573, 'Member not found.', None, None)
[11:12:15]    240-90402.SLDPRT                               props: updated  |  dxf: failed
[11:12:16]      dxf error — (-2147352573, 'Member not found.', None, None)
[11:12:16]    240-90414.SLDPRT                               props: updated  |  dxf: failed
[11:12:17]      dxf error — (-2147352573, 'Member not found.', None, None)
[11:12:17]    240-90415.SLDPRT                               props: updated  |  dxf: failed
[11:12:18]      dxf error — (-2147352573, 'Member not found.', None, None)
[11:12:18]    250-90366.SLDPRT                               props: updated  |  dxf: failed
[11:12:19]      dxf error — (-2147352573, 'Member not found.', None, None)
[11:12:19]    250-90386.SLDPRT                               props: updated  |  dxf: failed
[11:12:19]  
[11:12:19]  Summary
[11:12:19]    Properties   updated 7   skipped 0   failed 0
[11:12:19]    DXF Export   exported 0   skipped 0   failed 7
[11:12:19]  SW Batch Update complete.

======================================================================
  TOOL : SW Batch Update
  START: 2026-03-24 11:15:26
======================================================================
[11:15:21]  Connecting to SolidWorks...
[11:15:21]  Connected to SolidWorks.
[11:15:21]  Found 7 SolidWorks files in source folder.
[11:15:22]      dxf error — (-2147352573, 'Member not found.', None, None)
[11:15:22]    240-90399.SLDPRT                               dxf: failed
[11:15:22]      dxf error — (-2147352573, 'Member not found.', None, None)
[11:15:22]    240-90401.SLDPRT                               dxf: failed
[11:15:23]      dxf error — (-2147352573, 'Member not found.', None, None)
[11:15:23]    240-90402.SLDPRT                               dxf: failed
[11:15:24]      dxf error — (-2147352573, 'Member not found.', None, None)
[11:15:24]    240-90414.SLDPRT                               dxf: failed
[11:15:25]      dxf error — (-2147352573, 'Member not found.', None, None)
[11:15:25]    240-90415.SLDPRT                               dxf: failed
[11:15:25]      dxf error — (-2147352573, 'Member not found.', None, None)
[11:15:25]    250-90366.SLDPRT                               dxf: failed
[11:15:26]      dxf error — (-2147352573, 'Member not found.', None, None)
[11:15:26]    250-90386.SLDPRT                               dxf: failed
[11:15:26]  
[11:15:26]  Summary
[11:15:26]    DXF Export   exported 0   skipped 0   failed 7
[11:15:26]  SW Batch Update complete.

======================================================================
  TOOL : SW Batch Update
  START: 2026-03-24 11:21:09
======================================================================
[11:21:04]  Connecting to SolidWorks...
[11:21:04]  Connected to SolidWorks.
[11:21:04]  Found 7 SolidWorks files in source folder.
[11:21:04]      dxf error — (-2147352573, 'Member not found.', None, None)
[11:21:05]    240-90399.SLDPRT                               dxf: failed
[11:21:05]      dxf error — (-2147352573, 'Member not found.', None, None)
[11:21:05]    240-90401.SLDPRT                               dxf: failed
[11:21:06]      dxf error — (-2147352573, 'Member not found.', None, None)
[11:21:06]    240-90402.SLDPRT                               dxf: failed
[11:21:07]      dxf error — (-2147352573, 'Member not found.', None, None)
[11:21:07]    240-90414.SLDPRT                               dxf: failed
[11:21:07]      dxf error — (-2147352573, 'Member not found.', None, None)
[11:21:07]    240-90415.SLDPRT                               dxf: failed
[11:21:08]      dxf error — (-2147352573, 'Member not found.', None, None)
[11:21:08]    250-90366.SLDPRT                               dxf: failed
[11:21:09]      dxf error — (-2147352573, 'Member not found.', None, None)
[11:21:09]    250-90386.SLDPRT                               dxf: failed
[11:21:09]  
[11:21:09]  Summary
[11:21:09]    DXF Export   exported 0   skipped 0   failed 7
[11:21:09]  SW Batch Update complete.

======================================================================
  TOOL : SW Batch Update
  START: 2026-03-24 11:27:03
======================================================================
[11:26:59]  Connecting to SolidWorks...
[11:26:59]  Connected to SolidWorks.
[11:26:59]  Found 7 SolidWorks files in source folder.
[11:26:59]      dxf error — (-2147352573, 'Member not found.', None, None)
[11:26:59]    240-90399.SLDPRT                               dxf: failed
[11:27:00]      dxf error — (-2147352573, 'Member not found.', None, None)
[11:27:00]    240-90401.SLDPRT                               dxf: failed
[11:27:01]      dxf error — (-2147352573, 'Member not found.', None, None)
[11:27:01]    240-90402.SLDPRT                               dxf: failed
[11:27:01]      dxf error — (-2147352573, 'Member not found.', None, None)
[11:27:01]    240-90414.SLDPRT                               dxf: failed
[11:27:02]      dxf error — (-2147352573, 'Member not found.', None, None)
[11:27:02]    240-90415.SLDPRT                               dxf: failed
[11:27:03]      dxf error — (-2147352573, 'Member not found.', None, None)
[11:27:03]    250-90366.SLDPRT                               dxf: failed
[11:27:03]      dxf error — (-2147352573, 'Member not found.', None, None)
[11:27:03]    250-90386.SLDPRT                               dxf: failed
[11:27:03]  
[11:27:03]  Summary
[11:27:03]    DXF Export   exported 0   skipped 0   failed 7
[11:27:03]  SW Batch Update complete.

======================================================================
  TOOL : SW Batch Update
  START: 2026-03-24 11:33:43
======================================================================
[11:33:38]  Connecting to SolidWorks...
[11:33:38]  Connected to SolidWorks.
[11:33:38]  Found 7 SolidWorks files in source folder.
[11:33:38]    240-90399.SLDPRT                               dxf: skipped
[11:33:39]    240-90401.SLDPRT                               dxf: skipped
[11:33:40]    240-90402.SLDPRT                               dxf: skipped
[11:33:40]    240-90414.SLDPRT                               dxf: skipped
[11:33:41]    240-90415.SLDPRT                               dxf: skipped
[11:33:42]    250-90366.SLDPRT                               dxf: skipped
[11:33:43]    250-90386.SLDPRT                               dxf: skipped
[11:33:43]  
[11:33:43]  Summary
[11:33:43]    DXF Export   exported 0   skipped 7   failed 0
[11:33:43]  SW Batch Update complete.

======================================================================
  TOOL : SW Batch Update
  START: 2026-03-24 11:59:54
======================================================================
[11:59:54]  Params written — connecting to SolidWorks...
[11:59:54]  Connected to SolidWorks.
[11:59:54]  Running macro: SoldworksBatchUpdate.swp
[11:59:54]  Macro reported an error (code: 22)
[11:59:54]  
[11:59:54]  ── DXF Export Log ──
[11:59:54]  COMBINED DXF EXPORT LOG
[11:59:54]  Started: 3/24/2026 7:37:29 AM
[11:59:54]  Source Folder: Z:\FOXFAB_DATA\ENGINEERING\DESIGNERS\Lambert\Macros\Unit Testing\Test folder 1 - Error hande\200 Mech\201 CAD\
[11:59:54]  Destination Folder: Z:\FOXFAB_DATA\ENGINEERING\DESIGNERS\Lambert\Macros\Unit Testing\Test folder 1 - Error hande\200 Mech\201 CAD\test\
[11:59:54]  ======================================================================
[11:59:54]  
[11:59:54]  ERRORS / FAILURES
[11:59:54]  ----------------------------------------------------------------------
[11:59:54]  FILE: 250-90357 - Flat pattern broken.SLDPRT
[11:59:54]    WARN - ForceRebuild3 returned False.
[11:59:54]    INFO - Flattening: Flat-Pattern55
[11:59:54]    INFO - Flattened via EditUnsuppress2.
[11:59:54]    WARN - ForceRebuild3 returned False.
[11:59:54]    FAIL - Feature tree error(s) after flatten:
[11:59:54]      - Feature: Flat-Pattern55 | Type: FlatPattern | ErrorCode: 51 | IsWarning: False
[11:59:54]    Elapsed: 00:00:03
[11:59:54]  
[11:59:54]  
[11:59:54]  SKIPS / WARNINGS
[11:59:54]  ----------------------------------------------------------------------
[11:59:54]  None
[11:59:54]  
[11:59:54]  SUCCESSFUL EXPORTS
[11:59:54]  ----------------------------------------------------------------------
[11:59:54]  FILE: 240-90391.SLDPRT
[11:59:54]    INFO - Rebuild succeeded.
[11:59:54]    INFO - No bends detected, skipping flat pattern validation.
[11:59:54]    OK - Exported to: Z:\FOXFAB_DATA\ENGINEERING\DESIGNERS\Lambert\Macros\Unit Testing\Test folder 1 - Error hande\200 Mech\201 CAD\test\240-90391.dxf
[11:59:54]    Elapsed: 00:00:02
[11:59:54]  
[11:59:54]  FILE: 240-90392.SLDPRT
[11:59:54]    INFO - Rebuild succeeded.
[11:59:54]    INFO - No bends detected, skipping flat pattern validation.
[11:59:54]    OK - Exported to: Z:\FOXFAB_DATA\ENGINEERING\DESIGNERS\Lambert\Macros\Unit Testing\Test folder 1 - Error hande\200 Mech\201 CAD\test\240-90392.dxf
[11:59:54]    Elapsed: 00:00:02
[11:59:54]  
[11:59:54]  FILE: 240-90393.SLDPRT
[11:59:54]    INFO - Rebuild succeeded.
[11:59:54]    INFO - No bends detected, skipping flat pattern validation.
[11:59:54]    OK - Exported to: Z:\FOXFAB_DATA\ENGINEERING\DESIGNERS\Lambert\Macros\Unit Testing\Test folder 1 - Error hande\200 Mech\201 CAD\test\240-90393.dxf
[11:59:54]    Elapsed: 00:00:02
[11:59:54]  
[11:59:54]  FILE: 240-90394 - Rollback bar check.SLDPRT
[11:59:54]    INFO - Rebuild succeeded.
[11:59:54]    INFO - Rolled forward, continuing.
[11:59:54]    INFO - No bends detected, skipping flat pattern validation.
[11:59:54]    OK - Exported to: Z:\FOXFAB_DATA\ENGINEERING\DESIGNERS\Lambert\Macros\Unit Testing\Test folder 1 - Error hande\200 Mech\201 CAD\test\240-90394 - Rollback bar check.dxf
[11:59:54]    Elapsed: 00:00:04
[11:59:54]  
[11:59:54]  FILE: 250-90355 - feature tree error.SLDPRT
[11:59:54]    WARN - ForceRebuild3 returned False.
[11:59:54]    INFO - Flattening: Flat-Pattern2
[11:59:54]    INFO - Flattened via EditUnsuppress2.
[11:59:54]    WARN - ForceRebuild3 returned False.
[11:59:54]    INFO - Flat pattern validation passed.
[11:59:54]    OK - Exported to: Z:\FOXFAB_DATA\ENGINEERING\DESIGNERS\Lambert\Macros\Unit Testing\Test folder 1 - Error hande\200 Mech\201 CAD\test\250-90355 - feature tree error.dxf
[11:59:54]    Elapsed: 00:00:06
[11:59:54]  
[11:59:54]  FILE: 250-90358 - Feature tree error.SLDPRT
[11:59:54]    WARN - ForceRebuild3 returned False.
[11:59:54]    INFO - Flattening: Flat-Pattern26
[11:59:54]    INFO - Flattened via EditUnsuppress2.
[11:59:54]    WARN - ForceRebuild3 returned False.
[11:59:54]    INFO - Flat pattern validation passed.
[11:59:54]    OK - Exported to: Z:\FOXFAB_DATA\ENGINEERING\DESIGNERS\Lambert\Macros\Unit Testing\Test folder 1 - Error hande\200 Mech\201 CAD\test\250-90358 - Feature tree error.dxf
[11:59:54]    Elapsed: 00:00:06
[11:59:54]  
[11:59:54]  FILE: 250-90359.SLDPRT
[11:59:54]    INFO - Rebuild succeeded.
[11:59:54]    INFO - Flattening: Flat-Pattern2
[11:59:54]    INFO - Flattened via EditUnsuppress2.
[11:59:54]    INFO - Rebuild succeeded.
[11:59:54]    INFO - Flat pattern validation passed.
[11:59:54]    OK - Exported to: Z:\FOXFAB_DATA\ENGINEERING\DESIGNERS\Lambert\Macros\Unit Testing\Test folder 1 - Error hande\200 Mech\201 CAD\test\250-90359.dxf
[11:59:54]    Elapsed: 00:00:04
[11:59:54]  
[11:59:54]  FILE: 250-90360.SLDPRT
[11:59:54]    INFO - Rebuild succeeded.
[11:59:54]    INFO - No bends detected, skipping flat pattern validation.
[11:59:54]    OK - Exported to: Z:\FOXFAB_DATA\ENGINEERING\DESIGNERS\Lambert\Macros\Unit Testing\Test folder 1 - Error hande\200 Mech\201 CAD\test\250-90360.dxf
[11:59:54]    Elapsed: 00:00:03
[11:59:54]  
[11:59:54]  FILE: 250-90361.SLDPRT
[11:59:54]    INFO - Rebuild succeeded.
[11:59:54]    INFO - Flattening: Flat-Pattern4
[11:59:54]    INFO - Flattened via EditUnsuppress2.
[11:59:54]    INFO - Rebuild succeeded.
[11:59:54]    INFO - Flat pattern validation passed.
[11:59:54]    OK - Exported to: Z:\FOXFAB_DATA\ENGINEERING\DESIGNERS\Lambert\Macros\Unit Testing\Test folder 1 - Error hande\200 Mech\201 CAD\test\250-90361.dxf
[11:59:54]    Elapsed: 00:00:03
[11:59:54]  
[11:59:54]  FILE: 250-90362.SLDPRT
[11:59:54]    INFO - Rebuild succeeded.
[11:59:54]    INFO - Flattening: Flat-Pattern2
[11:59:54]    INFO - Flattened via EditUnsuppress2.
[11:59:54]    INFO - Rebuild succeeded.
[11:59:54]    INFO - Flat pattern validation passed.
[11:59:54]    OK - Exported to: Z:\FOXFAB_DATA\ENGINEERING\DESIGNERS\Lambert\Macros\Unit Testing\Test folder 1 - Error hande\200 Mech\201 CAD\test\250-90362.dxf
[11:59:54]    Elapsed: 00:00:03
[11:59:54]  
[11:59:54]  FILE: 295-90032.SLDPRT
[11:59:54]    INFO - Rebuild succeeded.
[11:59:54]    INFO - No bends detected, skipping flat pattern validation.
[11:59:54]    OK - Exported to: Z:\FOXFAB_DATA\ENGINEERING\DESIGNERS\Lambert\Macros\Unit Testing\Test folder 1 - Error hande\200 Mech\201 CAD\test\295-90032.dxf
[11:59:54]    Elapsed: 00:00:02
[11:59:54]  
[11:59:54]  FILE: 295-90033.SLDPRT
[11:59:54]    INFO - Rebuild succeeded.
[11:59:54]    INFO - No bends detected, skipping flat pattern validation.
[11:59:54]    OK - Exported to: Z:\FOXFAB_DATA\ENGINEERING\DESIGNERS\Lambert\Macros\Unit Testing\Test folder 1 - Error hande\200 Mech\201 CAD\test\295-90033.dxf
[11:59:54]    Elapsed: 00:00:02
[11:59:54]  
[11:59:54]  
[11:59:54]  SUMMARY
[11:59:54]  ----------------------------------------------------------------------
[11:59:54]  Processed: 13
[11:59:54]  Exported: 12
[11:59:54]  Failed: 1
[11:59:54]  Skipped: 0
[11:59:54]  Average Time / Part: 00:00:03
[11:59:54]  Total Time: 00:00:49

======================================================================
  TOOL : SW Batch Update
  START: 2026-03-24 12:31:22
======================================================================
[12:31:22]  Params written — connecting to SolidWorks...
[12:31:22]  Connected to SolidWorks.
[12:31:22]  Running macro: SoldworksBatchUpdate.swp
[12:31:22]  Macro reported an error (code: 22)
[12:31:22]  
[12:31:22]  ── DXF Export Log ──
[12:31:22]  COMBINED DXF EXPORT LOG
[12:31:22]  Started: 3/24/2026 7:37:29 AM
[12:31:22]  Source Folder: Z:\FOXFAB_DATA\ENGINEERING\DESIGNERS\Lambert\Macros\Unit Testing\Test folder 1 - Error hande\200 Mech\201 CAD\
[12:31:22]  Destination Folder: Z:\FOXFAB_DATA\ENGINEERING\DESIGNERS\Lambert\Macros\Unit Testing\Test folder 1 - Error hande\200 Mech\201 CAD\test\
[12:31:22]  ======================================================================
[12:31:22]  
[12:31:22]  ERRORS / FAILURES
[12:31:22]  ----------------------------------------------------------------------
[12:31:22]  FILE: 250-90357 - Flat pattern broken.SLDPRT
[12:31:22]    WARN - ForceRebuild3 returned False.
[12:31:22]    INFO - Flattening: Flat-Pattern55
[12:31:22]    INFO - Flattened via EditUnsuppress2.
[12:31:22]    WARN - ForceRebuild3 returned False.
[12:31:22]    FAIL - Feature tree error(s) after flatten:
[12:31:22]      - Feature: Flat-Pattern55 | Type: FlatPattern | ErrorCode: 51 | IsWarning: False
[12:31:22]    Elapsed: 00:00:03
[12:31:22]  
[12:31:22]  
[12:31:22]  SKIPS / WARNINGS
[12:31:22]  ----------------------------------------------------------------------
[12:31:22]  None
[12:31:22]  
[12:31:22]  SUCCESSFUL EXPORTS
[12:31:22]  ----------------------------------------------------------------------
[12:31:22]  FILE: 240-90391.SLDPRT
[12:31:22]    INFO - Rebuild succeeded.
[12:31:22]    INFO - No bends detected, skipping flat pattern validation.
[12:31:22]    OK - Exported to: Z:\FOXFAB_DATA\ENGINEERING\DESIGNERS\Lambert\Macros\Unit Testing\Test folder 1 - Error hande\200 Mech\201 CAD\test\240-90391.dxf
[12:31:22]    Elapsed: 00:00:02
[12:31:22]  
[12:31:22]  FILE: 240-90392.SLDPRT
[12:31:22]    INFO - Rebuild succeeded.
[12:31:22]    INFO - No bends detected, skipping flat pattern validation.
[12:31:22]    OK - Exported to: Z:\FOXFAB_DATA\ENGINEERING\DESIGNERS\Lambert\Macros\Unit Testing\Test folder 1 - Error hande\200 Mech\201 CAD\test\240-90392.dxf
[12:31:22]    Elapsed: 00:00:02
[12:31:22]  
[12:31:22]  FILE: 240-90393.SLDPRT
[12:31:22]    INFO - Rebuild succeeded.
[12:31:22]    INFO - No bends detected, skipping flat pattern validation.
[12:31:22]    OK - Exported to: Z:\FOXFAB_DATA\ENGINEERING\DESIGNERS\Lambert\Macros\Unit Testing\Test folder 1 - Error hande\200 Mech\201 CAD\test\240-90393.dxf
[12:31:22]    Elapsed: 00:00:02
[12:31:22]  
[12:31:22]  FILE: 240-90394 - Rollback bar check.SLDPRT
[12:31:22]    INFO - Rebuild succeeded.
[12:31:22]    INFO - Rolled forward, continuing.
[12:31:22]    INFO - No bends detected, skipping flat pattern validation.
[12:31:22]    OK - Exported to: Z:\FOXFAB_DATA\ENGINEERING\DESIGNERS\Lambert\Macros\Unit Testing\Test folder 1 - Error hande\200 Mech\201 CAD\test\240-90394 - Rollback bar check.dxf
[12:31:22]    Elapsed: 00:00:04
[12:31:22]  
[12:31:22]  FILE: 250-90355 - feature tree error.SLDPRT
[12:31:22]    WARN - ForceRebuild3 returned False.
[12:31:22]    INFO - Flattening: Flat-Pattern2
[12:31:22]    INFO - Flattened via EditUnsuppress2.
[12:31:22]    WARN - ForceRebuild3 returned False.
[12:31:22]    INFO - Flat pattern validation passed.
[12:31:22]    OK - Exported to: Z:\FOXFAB_DATA\ENGINEERING\DESIGNERS\Lambert\Macros\Unit Testing\Test folder 1 - Error hande\200 Mech\201 CAD\test\250-90355 - feature tree error.dxf
[12:31:22]    Elapsed: 00:00:06
[12:31:22]  
[12:31:22]  FILE: 250-90358 - Feature tree error.SLDPRT
[12:31:22]    WARN - ForceRebuild3 returned False.
[12:31:22]    INFO - Flattening: Flat-Pattern26
[12:31:22]    INFO - Flattened via EditUnsuppress2.
[12:31:22]    WARN - ForceRebuild3 returned False.
[12:31:22]    INFO - Flat pattern validation passed.
[12:31:22]    OK - Exported to: Z:\FOXFAB_DATA\ENGINEERING\DESIGNERS\Lambert\Macros\Unit Testing\Test folder 1 - Error hande\200 Mech\201 CAD\test\250-90358 - Feature tree error.dxf
[12:31:22]    Elapsed: 00:00:06
[12:31:22]  
[12:31:22]  FILE: 250-90359.SLDPRT
[12:31:22]    INFO - Rebuild succeeded.
[12:31:22]    INFO - Flattening: Flat-Pattern2
[12:31:22]    INFO - Flattened via EditUnsuppress2.
[12:31:22]    INFO - Rebuild succeeded.
[12:31:22]    INFO - Flat pattern validation passed.
[12:31:22]    OK - Exported to: Z:\FOXFAB_DATA\ENGINEERING\DESIGNERS\Lambert\Macros\Unit Testing\Test folder 1 - Error hande\200 Mech\201 CAD\test\250-90359.dxf
[12:31:22]    Elapsed: 00:00:04
[12:31:22]  
[12:31:22]  FILE: 250-90360.SLDPRT
[12:31:22]    INFO - Rebuild succeeded.
[12:31:22]    INFO - No bends detected, skipping flat pattern validation.
[12:31:22]    OK - Exported to: Z:\FOXFAB_DATA\ENGINEERING\DESIGNERS\Lambert\Macros\Unit Testing\Test folder 1 - Error hande\200 Mech\201 CAD\test\250-90360.dxf
[12:31:22]    Elapsed: 00:00:03
[12:31:22]  
[12:31:22]  FILE: 250-90361.SLDPRT
[12:31:22]    INFO - Rebuild succeeded.
[12:31:22]    INFO - Flattening: Flat-Pattern4
[12:31:22]    INFO - Flattened via EditUnsuppress2.
[12:31:22]    INFO - Rebuild succeeded.
[12:31:22]    INFO - Flat pattern validation passed.
[12:31:22]    OK - Exported to: Z:\FOXFAB_DATA\ENGINEERING\DESIGNERS\Lambert\Macros\Unit Testing\Test folder 1 - Error hande\200 Mech\201 CAD\test\250-90361.dxf
[12:31:22]    Elapsed: 00:00:03
[12:31:22]  
[12:31:22]  FILE: 250-90362.SLDPRT
[12:31:22]    INFO - Rebuild succeeded.
[12:31:22]    INFO - Flattening: Flat-Pattern2
[12:31:22]    INFO - Flattened via EditUnsuppress2.
[12:31:22]    INFO - Rebuild succeeded.
[12:31:22]    INFO - Flat pattern validation passed.
[12:31:22]    OK - Exported to: Z:\FOXFAB_DATA\ENGINEERING\DESIGNERS\Lambert\Macros\Unit Testing\Test folder 1 - Error hande\200 Mech\201 CAD\test\250-90362.dxf
[12:31:22]    Elapsed: 00:00:03
[12:31:22]  
[12:31:22]  FILE: 295-90032.SLDPRT
[12:31:22]    INFO - Rebuild succeeded.
[12:31:22]    INFO - No bends detected, skipping flat pattern validation.
[12:31:22]    OK - Exported to: Z:\FOXFAB_DATA\ENGINEERING\DESIGNERS\Lambert\Macros\Unit Testing\Test folder 1 - Error hande\200 Mech\201 CAD\test\295-90032.dxf
[12:31:22]    Elapsed: 00:00:02
[12:31:22]  
[12:31:22]  FILE: 295-90033.SLDPRT
[12:31:22]    INFO - Rebuild succeeded.
[12:31:22]    INFO - No bends detected, skipping flat pattern validation.
[12:31:22]    OK - Exported to: Z:\FOXFAB_DATA\ENGINEERING\DESIGNERS\Lambert\Macros\Unit Testing\Test folder 1 - Error hande\200 Mech\201 CAD\test\295-90033.dxf
[12:31:22]    Elapsed: 00:00:02
[12:31:22]  
[12:31:22]  
[12:31:22]  SUMMARY
[12:31:22]  ----------------------------------------------------------------------
[12:31:22]  Processed: 13
[12:31:22]  Exported: 12
[12:31:22]  Failed: 1
[12:31:22]  Skipped: 0
[12:31:22]  Average Time / Part: 00:00:03
[12:31:22]  Total Time: 00:00:49

======================================================================
  TOOL : SW Batch Update
  START: 2026-03-24 12:37:51
======================================================================
[12:36:48]  Params written — connecting to SolidWorks...
[12:36:50]  Waiting for SolidWorks to be ready...
[12:37:51]  FATAL: SolidWorks did not become ready in time.
[12:37:51]  Traceback (most recent call last):
[12:37:51]    File "\\npsvr05\FOXFAB_REDIRECT$\lbadong\Desktop\Engineering Tool Hub\EngineeringToolHub\app.py", line 1243, in _sw_worker
[12:37:51]      raise RuntimeError("SolidWorks did not become ready in time.")
[12:37:51]  RuntimeError: SolidWorks did not become ready in time.

======================================================================
  TOOL : SW Batch Update
  START: 2026-03-24 12:38:51
======================================================================
[12:38:50]  Params written — connecting to SolidWorks...
[12:38:51]  Connected to SolidWorks.
[12:38:51]  Running macro: SoldworksBatchUpdate.swp
[12:38:51]  Macro reported an error (code: 22)
[12:38:51]  
[12:38:51]  ── DXF Export Log ──
[12:38:51]  COMBINED DXF EXPORT LOG
[12:38:51]  Started: 3/24/2026 7:37:29 AM
[12:38:51]  Source Folder: Z:\FOXFAB_DATA\ENGINEERING\DESIGNERS\Lambert\Macros\Unit Testing\Test folder 1 - Error hande\200 Mech\201 CAD\
[12:38:51]  Destination Folder: Z:\FOXFAB_DATA\ENGINEERING\DESIGNERS\Lambert\Macros\Unit Testing\Test folder 1 - Error hande\200 Mech\201 CAD\test\
[12:38:51]  ======================================================================
[12:38:51]  
[12:38:51]  ERRORS / FAILURES
[12:38:51]  ----------------------------------------------------------------------
[12:38:51]  FILE: 250-90357 - Flat pattern broken.SLDPRT
[12:38:51]    WARN - ForceRebuild3 returned False.
[12:38:51]    INFO - Flattening: Flat-Pattern55
[12:38:51]    INFO - Flattened via EditUnsuppress2.
[12:38:51]    WARN - ForceRebuild3 returned False.
[12:38:51]    FAIL - Feature tree error(s) after flatten:
[12:38:51]      - Feature: Flat-Pattern55 | Type: FlatPattern | ErrorCode: 51 | IsWarning: False
[12:38:51]    Elapsed: 00:00:03
[12:38:51]  
[12:38:51]  
[12:38:51]  SKIPS / WARNINGS
[12:38:51]  ----------------------------------------------------------------------
[12:38:51]  None
[12:38:51]  
[12:38:51]  SUCCESSFUL EXPORTS
[12:38:51]  ----------------------------------------------------------------------
[12:38:51]  FILE: 240-90391.SLDPRT
[12:38:51]    INFO - Rebuild succeeded.
[12:38:51]    INFO - No bends detected, skipping flat pattern validation.
[12:38:51]    OK - Exported to: Z:\FOXFAB_DATA\ENGINEERING\DESIGNERS\Lambert\Macros\Unit Testing\Test folder 1 - Error hande\200 Mech\201 CAD\test\240-90391.dxf
[12:38:51]    Elapsed: 00:00:02
[12:38:51]  
[12:38:51]  FILE: 240-90392.SLDPRT
[12:38:51]    INFO - Rebuild succeeded.
[12:38:51]    INFO - No bends detected, skipping flat pattern validation.
[12:38:51]    OK - Exported to: Z:\FOXFAB_DATA\ENGINEERING\DESIGNERS\Lambert\Macros\Unit Testing\Test folder 1 - Error hande\200 Mech\201 CAD\test\240-90392.dxf
[12:38:51]    Elapsed: 00:00:02
[12:38:51]  
[12:38:51]  FILE: 240-90393.SLDPRT
[12:38:51]    INFO - Rebuild succeeded.
[12:38:51]    INFO - No bends detected, skipping flat pattern validation.
[12:38:51]    OK - Exported to: Z:\FOXFAB_DATA\ENGINEERING\DESIGNERS\Lambert\Macros\Unit Testing\Test folder 1 - Error hande\200 Mech\201 CAD\test\240-90393.dxf
[12:38:51]    Elapsed: 00:00:02
[12:38:51]  
[12:38:51]  FILE: 240-90394 - Rollback bar check.SLDPRT
[12:38:51]    INFO - Rebuild succeeded.
[12:38:51]    INFO - Rolled forward, continuing.
[12:38:51]    INFO - No bends detected, skipping flat pattern validation.
[12:38:51]    OK - Exported to: Z:\FOXFAB_DATA\ENGINEERING\DESIGNERS\Lambert\Macros\Unit Testing\Test folder 1 - Error hande\200 Mech\201 CAD\test\240-90394 - Rollback bar check.dxf
[12:38:51]    Elapsed: 00:00:04
[12:38:51]  
[12:38:51]  FILE: 250-90355 - feature tree error.SLDPRT
[12:38:51]    WARN - ForceRebuild3 returned False.
[12:38:51]    INFO - Flattening: Flat-Pattern2
[12:38:51]    INFO - Flattened via EditUnsuppress2.
[12:38:51]    WARN - ForceRebuild3 returned False.
[12:38:51]    INFO - Flat pattern validation passed.
[12:38:51]    OK - Exported to: Z:\FOXFAB_DATA\ENGINEERING\DESIGNERS\Lambert\Macros\Unit Testing\Test folder 1 - Error hande\200 Mech\201 CAD\test\250-90355 - feature tree error.dxf
[12:38:51]    Elapsed: 00:00:06
[12:38:51]  
[12:38:51]  FILE: 250-90358 - Feature tree error.SLDPRT
[12:38:51]    WARN - ForceRebuild3 returned False.
[12:38:51]    INFO - Flattening: Flat-Pattern26
[12:38:51]    INFO - Flattened via EditUnsuppress2.
[12:38:51]    WARN - ForceRebuild3 returned False.
[12:38:51]    INFO - Flat pattern validation passed.
[12:38:51]    OK - Exported to: Z:\FOXFAB_DATA\ENGINEERING\DESIGNERS\Lambert\Macros\Unit Testing\Test folder 1 - Error hande\200 Mech\201 CAD\test\250-90358 - Feature tree error.dxf
[12:38:51]    Elapsed: 00:00:06
[12:38:51]  
[12:38:51]  FILE: 250-90359.SLDPRT
[12:38:51]    INFO - Rebuild succeeded.
[12:38:51]    INFO - Flattening: Flat-Pattern2
[12:38:51]    INFO - Flattened via EditUnsuppress2.
[12:38:51]    INFO - Rebuild succeeded.
[12:38:51]    INFO - Flat pattern validation passed.
[12:38:51]    OK - Exported to: Z:\FOXFAB_DATA\ENGINEERING\DESIGNERS\Lambert\Macros\Unit Testing\Test folder 1 - Error hande\200 Mech\201 CAD\test\250-90359.dxf
[12:38:51]    Elapsed: 00:00:04
[12:38:51]  
[12:38:51]  FILE: 250-90360.SLDPRT
[12:38:51]    INFO - Rebuild succeeded.
[12:38:51]    INFO - No bends detected, skipping flat pattern validation.
[12:38:51]    OK - Exported to: Z:\FOXFAB_DATA\ENGINEERING\DESIGNERS\Lambert\Macros\Unit Testing\Test folder 1 - Error hande\200 Mech\201 CAD\test\250-90360.dxf
[12:38:51]    Elapsed: 00:00:03
[12:38:51]  
[12:38:51]  FILE: 250-90361.SLDPRT
[12:38:51]    INFO - Rebuild succeeded.
[12:38:51]    INFO - Flattening: Flat-Pattern4
[12:38:51]    INFO - Flattened via EditUnsuppress2.
[12:38:51]    INFO - Rebuild succeeded.
[12:38:51]    INFO - Flat pattern validation passed.
[12:38:51]    OK - Exported to: Z:\FOXFAB_DATA\ENGINEERING\DESIGNERS\Lambert\Macros\Unit Testing\Test folder 1 - Error hande\200 Mech\201 CAD\test\250-90361.dxf
[12:38:51]    Elapsed: 00:00:03
[12:38:51]  
[12:38:51]  FILE: 250-90362.SLDPRT
[12:38:51]    INFO - Rebuild succeeded.
[12:38:51]    INFO - Flattening: Flat-Pattern2
[12:38:51]    INFO - Flattened via EditUnsuppress2.
[12:38:51]    INFO - Rebuild succeeded.
[12:38:51]    INFO - Flat pattern validation passed.
[12:38:51]    OK - Exported to: Z:\FOXFAB_DATA\ENGINEERING\DESIGNERS\Lambert\Macros\Unit Testing\Test folder 1 - Error hande\200 Mech\201 CAD\test\250-90362.dxf
[12:38:51]    Elapsed: 00:00:03
[12:38:51]  
[12:38:51]  FILE: 295-90032.SLDPRT
[12:38:51]    INFO - Rebuild succeeded.
[12:38:51]    INFO - No bends detected, skipping flat pattern validation.
[12:38:51]    OK - Exported to: Z:\FOXFAB_DATA\ENGINEERING\DESIGNERS\Lambert\Macros\Unit Testing\Test folder 1 - Error hande\200 Mech\201 CAD\test\295-90032.dxf
[12:38:51]    Elapsed: 00:00:02
[12:38:51]  
[12:38:51]  FILE: 295-90033.SLDPRT
[12:38:51]    INFO - Rebuild succeeded.
[12:38:51]    INFO - No bends detected, skipping flat pattern validation.
[12:38:51]    OK - Exported to: Z:\FOXFAB_DATA\ENGINEERING\DESIGNERS\Lambert\Macros\Unit Testing\Test folder 1 - Error hande\200 Mech\201 CAD\test\295-90033.dxf
[12:38:51]    Elapsed: 00:00:02
[12:38:51]  
[12:38:51]  
[12:38:51]  SUMMARY
[12:38:51]  ----------------------------------------------------------------------
[12:38:51]  Processed: 13
[12:38:51]  Exported: 12
[12:38:51]  Failed: 1
[12:38:51]  Skipped: 0
[12:38:51]  Average Time / Part: 00:00:03
[12:38:51]  Total Time: 00:00:49

======================================================================
  TOOL : SW Batch Update
  START: 2026-03-24 12:39:01
======================================================================
[12:38:58]  Params written — connecting to SolidWorks...
[12:39:01]  Connected to SolidWorks.
[12:39:01]  Running macro: SoldworksBatchUpdate.swp
[12:39:01]  Macro reported an error (code: 22)
[12:39:01]  
[12:39:01]  ── DXF Export Log ──
[12:39:01]  COMBINED DXF EXPORT LOG
[12:39:01]  Started: 3/24/2026 7:37:29 AM
[12:39:01]  Source Folder: Z:\FOXFAB_DATA\ENGINEERING\DESIGNERS\Lambert\Macros\Unit Testing\Test folder 1 - Error hande\200 Mech\201 CAD\
[12:39:01]  Destination Folder: Z:\FOXFAB_DATA\ENGINEERING\DESIGNERS\Lambert\Macros\Unit Testing\Test folder 1 - Error hande\200 Mech\201 CAD\test\
[12:39:01]  ======================================================================
[12:39:01]  
[12:39:01]  ERRORS / FAILURES
[12:39:01]  ----------------------------------------------------------------------
[12:39:01]  FILE: 250-90357 - Flat pattern broken.SLDPRT
[12:39:01]    WARN - ForceRebuild3 returned False.
[12:39:01]    INFO - Flattening: Flat-Pattern55
[12:39:01]    INFO - Flattened via EditUnsuppress2.
[12:39:01]    WARN - ForceRebuild3 returned False.
[12:39:01]    FAIL - Feature tree error(s) after flatten:
[12:39:01]      - Feature: Flat-Pattern55 | Type: FlatPattern | ErrorCode: 51 | IsWarning: False
[12:39:01]    Elapsed: 00:00:03
[12:39:01]  
[12:39:01]  
[12:39:01]  SKIPS / WARNINGS
[12:39:01]  ----------------------------------------------------------------------
[12:39:01]  None
[12:39:01]  
[12:39:01]  SUCCESSFUL EXPORTS
[12:39:01]  ----------------------------------------------------------------------
[12:39:01]  FILE: 240-90391.SLDPRT
[12:39:01]    INFO - Rebuild succeeded.
[12:39:01]    INFO - No bends detected, skipping flat pattern validation.
[12:39:01]    OK - Exported to: Z:\FOXFAB_DATA\ENGINEERING\DESIGNERS\Lambert\Macros\Unit Testing\Test folder 1 - Error hande\200 Mech\201 CAD\test\240-90391.dxf
[12:39:01]    Elapsed: 00:00:02
[12:39:01]  
[12:39:01]  FILE: 240-90392.SLDPRT
[12:39:01]    INFO - Rebuild succeeded.
[12:39:01]    INFO - No bends detected, skipping flat pattern validation.
[12:39:01]    OK - Exported to: Z:\FOXFAB_DATA\ENGINEERING\DESIGNERS\Lambert\Macros\Unit Testing\Test folder 1 - Error hande\200 Mech\201 CAD\test\240-90392.dxf
[12:39:01]    Elapsed: 00:00:02
[12:39:01]  
[12:39:01]  FILE: 240-90393.SLDPRT
[12:39:01]    INFO - Rebuild succeeded.
[12:39:01]    INFO - No bends detected, skipping flat pattern validation.
[12:39:01]    OK - Exported to: Z:\FOXFAB_DATA\ENGINEERING\DESIGNERS\Lambert\Macros\Unit Testing\Test folder 1 - Error hande\200 Mech\201 CAD\test\240-90393.dxf
[12:39:01]    Elapsed: 00:00:02
[12:39:01]  
[12:39:01]  FILE: 240-90394 - Rollback bar check.SLDPRT
[12:39:01]    INFO - Rebuild succeeded.
[12:39:01]    INFO - Rolled forward, continuing.
[12:39:01]    INFO - No bends detected, skipping flat pattern validation.
[12:39:01]    OK - Exported to: Z:\FOXFAB_DATA\ENGINEERING\DESIGNERS\Lambert\Macros\Unit Testing\Test folder 1 - Error hande\200 Mech\201 CAD\test\240-90394 - Rollback bar check.dxf
[12:39:01]    Elapsed: 00:00:04
[12:39:01]  
[12:39:01]  FILE: 250-90355 - feature tree error.SLDPRT
[12:39:01]    WARN - ForceRebuild3 returned False.
[12:39:01]    INFO - Flattening: Flat-Pattern2
[12:39:01]    INFO - Flattened via EditUnsuppress2.
[12:39:01]    WARN - ForceRebuild3 returned False.
[12:39:01]    INFO - Flat pattern validation passed.
[12:39:01]    OK - Exported to: Z:\FOXFAB_DATA\ENGINEERING\DESIGNERS\Lambert\Macros\Unit Testing\Test folder 1 - Error hande\200 Mech\201 CAD\test\250-90355 - feature tree error.dxf
[12:39:01]    Elapsed: 00:00:06
[12:39:01]  
[12:39:01]  FILE: 250-90358 - Feature tree error.SLDPRT
[12:39:01]    WARN - ForceRebuild3 returned False.
[12:39:01]    INFO - Flattening: Flat-Pattern26
[12:39:01]    INFO - Flattened via EditUnsuppress2.
[12:39:01]    WARN - ForceRebuild3 returned False.
[12:39:01]    INFO - Flat pattern validation passed.
[12:39:01]    OK - Exported to: Z:\FOXFAB_DATA\ENGINEERING\DESIGNERS\Lambert\Macros\Unit Testing\Test folder 1 - Error hande\200 Mech\201 CAD\test\250-90358 - Feature tree error.dxf
[12:39:01]    Elapsed: 00:00:06
[12:39:01]  
[12:39:01]  FILE: 250-90359.SLDPRT
[12:39:01]    INFO - Rebuild succeeded.
[12:39:01]    INFO - Flattening: Flat-Pattern2
[12:39:01]    INFO - Flattened via EditUnsuppress2.
[12:39:01]    INFO - Rebuild succeeded.
[12:39:01]    INFO - Flat pattern validation passed.
[12:39:01]    OK - Exported to: Z:\FOXFAB_DATA\ENGINEERING\DESIGNERS\Lambert\Macros\Unit Testing\Test folder 1 - Error hande\200 Mech\201 CAD\test\250-90359.dxf
[12:39:01]    Elapsed: 00:00:04
[12:39:01]  
[12:39:01]  FILE: 250-90360.SLDPRT
[12:39:01]    INFO - Rebuild succeeded.
[12:39:01]    INFO - No bends detected, skipping flat pattern validation.
[12:39:01]    OK - Exported to: Z:\FOXFAB_DATA\ENGINEERING\DESIGNERS\Lambert\Macros\Unit Testing\Test folder 1 - Error hande\200 Mech\201 CAD\test\250-90360.dxf
[12:39:01]    Elapsed: 00:00:03
[12:39:01]  
[12:39:01]  FILE: 250-90361.SLDPRT
[12:39:01]    INFO - Rebuild succeeded.
[12:39:01]    INFO - Flattening: Flat-Pattern4
[12:39:01]    INFO - Flattened via EditUnsuppress2.
[12:39:01]    INFO - Rebuild succeeded.
[12:39:01]    INFO - Flat pattern validation passed.
[12:39:01]    OK - Exported to: Z:\FOXFAB_DATA\ENGINEERING\DESIGNERS\Lambert\Macros\Unit Testing\Test folder 1 - Error hande\200 Mech\201 CAD\test\250-90361.dxf
[12:39:01]    Elapsed: 00:00:03
[12:39:01]  
[12:39:01]  FILE: 250-90362.SLDPRT
[12:39:01]    INFO - Rebuild succeeded.
[12:39:01]    INFO - Flattening: Flat-Pattern2
[12:39:01]    INFO - Flattened via EditUnsuppress2.
[12:39:01]    INFO - Rebuild succeeded.
[12:39:01]    INFO - Flat pattern validation passed.
[12:39:01]    OK - Exported to: Z:\FOXFAB_DATA\ENGINEERING\DESIGNERS\Lambert\Macros\Unit Testing\Test folder 1 - Error hande\200 Mech\201 CAD\test\250-90362.dxf
[12:39:01]    Elapsed: 00:00:03
[12:39:01]  
[12:39:01]  FILE: 295-90032.SLDPRT
[12:39:01]    INFO - Rebuild succeeded.
[12:39:01]    INFO - No bends detected, skipping flat pattern validation.
[12:39:01]    OK - Exported to: Z:\FOXFAB_DATA\ENGINEERING\DESIGNERS\Lambert\Macros\Unit Testing\Test folder 1 - Error hande\200 Mech\201 CAD\test\295-90032.dxf
[12:39:01]    Elapsed: 00:00:02
[12:39:01]  
[12:39:01]  FILE: 295-90033.SLDPRT
[12:39:01]    INFO - Rebuild succeeded.
[12:39:01]    INFO - No bends detected, skipping flat pattern validation.
[12:39:01]    OK - Exported to: Z:\FOXFAB_DATA\ENGINEERING\DESIGNERS\Lambert\Macros\Unit Testing\Test folder 1 - Error hande\200 Mech\201 CAD\test\295-90033.dxf
[12:39:01]    Elapsed: 00:00:02
[12:39:01]  
[12:39:01]  
[12:39:01]  SUMMARY
[12:39:01]  ----------------------------------------------------------------------
[12:39:01]  Processed: 13
[12:39:01]  Exported: 12
[12:39:01]  Failed: 1
[12:39:01]  Skipped: 0
[12:39:01]  Average Time / Part: 00:00:03
[12:39:01]  Total Time: 00:00:49

======================================================================
  TOOL : SW Batch Update
  START: 2026-03-24 13:36:11
======================================================================
[13:36:11]  Params written — connecting to SolidWorks...
[13:36:11]  Connected to SolidWorks.
[13:36:11]  Running macro: SoldworksBatchUpdate.swp
[13:36:11]  FATAL: int() argument must be a string, a bytes-like object or a real number, not 'VARIANT'
[13:36:11]  Traceback (most recent call last):
[13:36:11]    File "\\NPSVR05\FOXFAB_REDIRECT$\lbadong\Desktop\Engineering Tool Hub\EngineeringToolHub\app.py", line 1262, in _sw_worker
[13:36:11]      ok = sw.RunMacro2(swp_path, "SoldworksBatchUpdate", "main", 0, run_err)
[13:36:11]    File "C:\Users\lbadong\AppData\Local\Temp\gen_py\3.14\83A33D31-27C5-11CE-BFD4-00400513BB57x0x31x0.py", line 59904, in RunMacro2
[13:36:11]      return self._ApplyTypes_(270, 1, (11, 0), ((8, 1), (8, 1), (8, 1), (3, 1), (16387, 2)), 'RunMacro2', None,FilePathName
[13:36:11]             ~~~~~~~~~~~~~~~~~^^^^^^^^^^^^^^^^^^^^^^^^^^^^^^^^^^^^^^^^^^^^^^^^^^^^^^^^^^^^^^^^^^^^^^^^^^^^^^^^^^^^^^^^^^^^^^
[13:36:11]      	, ModuleName, ProcedureName, Options, Error)
[13:36:11]       ^^^^^^^^^^^^^^^^^^^^^^^^^^^^^^^^^^^^^^^^^^^^
[13:36:11]    File "C:\Users\lbadong\AppData\Roaming\Python\Python314\site-packages\win32com\client\__init__.py", line 580, in _ApplyTypes_
[13:36:11]      self._oleobj_.InvokeTypes(dispid, 0, wFlags, retType, argTypes, *args),
[13:36:11]      ~~~~~~~~~~~~~~~~~~~~~~~~~^^^^^^^^^^^^^^^^^^^^^^^^^^^^^^^^^^^^^^^^^^^^^
[13:36:11]  TypeError: int() argument must be a string, a bytes-like object or a real number, not 'VARIANT'

======================================================================
  TOOL : SW Batch Update
  START: 2026-03-24 13:38:08
======================================================================
[13:38:08]  Params written — connecting to SolidWorks...
[13:38:08]  Connected to SolidWorks.
[13:38:08]  Running macro: SoldworksBatchUpdate.swp
[13:38:08]  FATAL: (-2147352571, 'Type mismatch.', None, 5)
[13:38:08]  Traceback (most recent call last):
[13:38:08]    File "\\NPSVR05\FOXFAB_REDIRECT$\lbadong\Desktop\Engineering Tool Hub\EngineeringToolHub\app.py", line 1261, in _sw_worker
[13:38:08]      ok = sw.RunMacro2(swp_path, "SoldworksBatchUpdate", "main", 0, 0)
[13:38:08]    File "<COMObject SldWorks.Application>", line 2, in RunMacro2
[13:38:08]  pywintypes.com_error: (-2147352571, 'Type mismatch.', None, 5)

======================================================================
  TOOL : SW Batch Update
  START: 2026-03-24 13:39:13
======================================================================
[13:39:13]  Params written — connecting to SolidWorks...
[13:39:13]  Connected to SolidWorks.
[13:39:13]  Running macro: SoldworksBatchUpdate.swp
[13:39:13]  Macro reported an error (code: 22).
[13:39:13]  
[13:39:13]  ── DXF Export Log ──
[13:39:13]  COMBINED DXF EXPORT LOG
[13:39:13]  Started: 3/24/2026 7:37:29 AM
[13:39:13]  Source Folder: Z:\FOXFAB_DATA\ENGINEERING\DESIGNERS\Lambert\Macros\Unit Testing\Test folder 1 - Error hande\200 Mech\201 CAD\
[13:39:13]  Destination Folder: Z:\FOXFAB_DATA\ENGINEERING\DESIGNERS\Lambert\Macros\Unit Testing\Test folder 1 - Error hande\200 Mech\201 CAD\test\
[13:39:13]  ======================================================================
[13:39:13]  
[13:39:13]  ERRORS / FAILURES
[13:39:13]  ----------------------------------------------------------------------
[13:39:13]  FILE: 250-90357 - Flat pattern broken.SLDPRT
[13:39:13]    WARN - ForceRebuild3 returned False.
[13:39:13]    INFO - Flattening: Flat-Pattern55
[13:39:13]    INFO - Flattened via EditUnsuppress2.
[13:39:13]    WARN - ForceRebuild3 returned False.
[13:39:13]    FAIL - Feature tree error(s) after flatten:
[13:39:13]      - Feature: Flat-Pattern55 | Type: FlatPattern | ErrorCode: 51 | IsWarning: False
[13:39:13]    Elapsed: 00:00:03
[13:39:13]  
[13:39:13]  
[13:39:13]  SKIPS / WARNINGS
[13:39:13]  ----------------------------------------------------------------------
[13:39:13]  None
[13:39:13]  
[13:39:13]  SUCCESSFUL EXPORTS
[13:39:13]  ----------------------------------------------------------------------
[13:39:13]  FILE: 240-90391.SLDPRT
[13:39:13]    INFO - Rebuild succeeded.
[13:39:13]    INFO - No bends detected, skipping flat pattern validation.
[13:39:13]    OK - Exported to: Z:\FOXFAB_DATA\ENGINEERING\DESIGNERS\Lambert\Macros\Unit Testing\Test folder 1 - Error hande\200 Mech\201 CAD\test\240-90391.dxf
[13:39:13]    Elapsed: 00:00:02
[13:39:13]  
[13:39:13]  FILE: 240-90392.SLDPRT
[13:39:13]    INFO - Rebuild succeeded.
[13:39:13]    INFO - No bends detected, skipping flat pattern validation.
[13:39:13]    OK - Exported to: Z:\FOXFAB_DATA\ENGINEERING\DESIGNERS\Lambert\Macros\Unit Testing\Test folder 1 - Error hande\200 Mech\201 CAD\test\240-90392.dxf
[13:39:13]    Elapsed: 00:00:02
[13:39:13]  
[13:39:13]  FILE: 240-90393.SLDPRT
[13:39:13]    INFO - Rebuild succeeded.
[13:39:13]    INFO - No bends detected, skipping flat pattern validation.
[13:39:13]    OK - Exported to: Z:\FOXFAB_DATA\ENGINEERING\DESIGNERS\Lambert\Macros\Unit Testing\Test folder 1 - Error hande\200 Mech\201 CAD\test\240-90393.dxf
[13:39:13]    Elapsed: 00:00:02
[13:39:13]  
[13:39:13]  FILE: 240-90394 - Rollback bar check.SLDPRT
[13:39:13]    INFO - Rebuild succeeded.
[13:39:13]    INFO - Rolled forward, continuing.
[13:39:13]    INFO - No bends detected, skipping flat pattern validation.
[13:39:13]    OK - Exported to: Z:\FOXFAB_DATA\ENGINEERING\DESIGNERS\Lambert\Macros\Unit Testing\Test folder 1 - Error hande\200 Mech\201 CAD\test\240-90394 - Rollback bar check.dxf
[13:39:13]    Elapsed: 00:00:04
[13:39:13]  
[13:39:13]  FILE: 250-90355 - feature tree error.SLDPRT
[13:39:13]    WARN - ForceRebuild3 returned False.
[13:39:13]    INFO - Flattening: Flat-Pattern2
[13:39:13]    INFO - Flattened via EditUnsuppress2.
[13:39:13]    WARN - ForceRebuild3 returned False.
[13:39:13]    INFO - Flat pattern validation passed.
[13:39:13]    OK - Exported to: Z:\FOXFAB_DATA\ENGINEERING\DESIGNERS\Lambert\Macros\Unit Testing\Test folder 1 - Error hande\200 Mech\201 CAD\test\250-90355 - feature tree error.dxf
[13:39:13]    Elapsed: 00:00:06
[13:39:13]  
[13:39:13]  FILE: 250-90358 - Feature tree error.SLDPRT
[13:39:13]    WARN - ForceRebuild3 returned False.
[13:39:13]    INFO - Flattening: Flat-Pattern26
[13:39:13]    INFO - Flattened via EditUnsuppress2.
[13:39:13]    WARN - ForceRebuild3 returned False.
[13:39:13]    INFO - Flat pattern validation passed.
[13:39:13]    OK - Exported to: Z:\FOXFAB_DATA\ENGINEERING\DESIGNERS\Lambert\Macros\Unit Testing\Test folder 1 - Error hande\200 Mech\201 CAD\test\250-90358 - Feature tree error.dxf
[13:39:13]    Elapsed: 00:00:06
[13:39:13]  
[13:39:13]  FILE: 250-90359.SLDPRT
[13:39:13]    INFO - Rebuild succeeded.
[13:39:13]    INFO - Flattening: Flat-Pattern2
[13:39:13]    INFO - Flattened via EditUnsuppress2.
[13:39:13]    INFO - Rebuild succeeded.
[13:39:13]    INFO - Flat pattern validation passed.
[13:39:13]    OK - Exported to: Z:\FOXFAB_DATA\ENGINEERING\DESIGNERS\Lambert\Macros\Unit Testing\Test folder 1 - Error hande\200 Mech\201 CAD\test\250-90359.dxf
[13:39:13]    Elapsed: 00:00:04
[13:39:13]  
[13:39:13]  FILE: 250-90360.SLDPRT
[13:39:13]    INFO - Rebuild succeeded.
[13:39:13]    INFO - No bends detected, skipping flat pattern validation.
[13:39:13]    OK - Exported to: Z:\FOXFAB_DATA\ENGINEERING\DESIGNERS\Lambert\Macros\Unit Testing\Test folder 1 - Error hande\200 Mech\201 CAD\test\250-90360.dxf
[13:39:13]    Elapsed: 00:00:03
[13:39:13]  
[13:39:13]  FILE: 250-90361.SLDPRT
[13:39:13]    INFO - Rebuild succeeded.
[13:39:13]    INFO - Flattening: Flat-Pattern4
[13:39:13]    INFO - Flattened via EditUnsuppress2.
[13:39:13]    INFO - Rebuild succeeded.
[13:39:13]    INFO - Flat pattern validation passed.
[13:39:13]    OK - Exported to: Z:\FOXFAB_DATA\ENGINEERING\DESIGNERS\Lambert\Macros\Unit Testing\Test folder 1 - Error hande\200 Mech\201 CAD\test\250-90361.dxf
[13:39:13]    Elapsed: 00:00:03
[13:39:13]  
[13:39:13]  FILE: 250-90362.SLDPRT
[13:39:13]    INFO - Rebuild succeeded.
[13:39:13]    INFO - Flattening: Flat-Pattern2
[13:39:13]    INFO - Flattened via EditUnsuppress2.
[13:39:13]    INFO - Rebuild succeeded.
[13:39:13]    INFO - Flat pattern validation passed.
[13:39:13]    OK - Exported to: Z:\FOXFAB_DATA\ENGINEERING\DESIGNERS\Lambert\Macros\Unit Testing\Test folder 1 - Error hande\200 Mech\201 CAD\test\250-90362.dxf
[13:39:13]    Elapsed: 00:00:03
[13:39:13]  
[13:39:13]  FILE: 295-90032.SLDPRT
[13:39:13]    INFO - Rebuild succeeded.
[13:39:13]    INFO - No bends detected, skipping flat pattern validation.
[13:39:13]    OK - Exported to: Z:\FOXFAB_DATA\ENGINEERING\DESIGNERS\Lambert\Macros\Unit Testing\Test folder 1 - Error hande\200 Mech\201 CAD\test\295-90032.dxf
[13:39:13]    Elapsed: 00:00:02
[13:39:13]  
[13:39:13]  FILE: 295-90033.SLDPRT
[13:39:13]    INFO - Rebuild succeeded.
[13:39:13]    INFO - No bends detected, skipping flat pattern validation.
[13:39:13]    OK - Exported to: Z:\FOXFAB_DATA\ENGINEERING\DESIGNERS\Lambert\Macros\Unit Testing\Test folder 1 - Error hande\200 Mech\201 CAD\test\295-90033.dxf
[13:39:13]    Elapsed: 00:00:02
[13:39:13]  
[13:39:13]  
[13:39:13]  SUMMARY
[13:39:13]  ----------------------------------------------------------------------
[13:39:13]  Processed: 13
[13:39:13]  Exported: 12
[13:39:13]  Failed: 1
[13:39:13]  Skipped: 0
[13:39:13]  Average Time / Part: 00:00:03
[13:39:13]  Total Time: 00:00:49

======================================================================
  TOOL : SW Batch Update
  START: 2026-03-24 13:42:51
======================================================================
[13:42:51]  Params written — connecting to SolidWorks...
[13:42:51]  Connected to SolidWorks.
[13:42:51]  Running macro: SoldworksBatchUpdate.swp
[13:42:51]  Macro reported an error (code: 22).
[13:42:51]  
[13:42:51]  ── DXF Export Log ──
[13:42:51]  COMBINED DXF EXPORT LOG
[13:42:51]  Started: 3/24/2026 7:37:29 AM
[13:42:51]  Source Folder: Z:\FOXFAB_DATA\ENGINEERING\DESIGNERS\Lambert\Macros\Unit Testing\Test folder 1 - Error hande\200 Mech\201 CAD\
[13:42:51]  Destination Folder: Z:\FOXFAB_DATA\ENGINEERING\DESIGNERS\Lambert\Macros\Unit Testing\Test folder 1 - Error hande\200 Mech\201 CAD\test\
[13:42:51]  ======================================================================
[13:42:51]  
[13:42:51]  ERRORS / FAILURES
[13:42:51]  ----------------------------------------------------------------------
[13:42:51]  FILE: 250-90357 - Flat pattern broken.SLDPRT
[13:42:51]    WARN - ForceRebuild3 returned False.
[13:42:51]    INFO - Flattening: Flat-Pattern55
[13:42:51]    INFO - Flattened via EditUnsuppress2.
[13:42:51]    WARN - ForceRebuild3 returned False.
[13:42:51]    FAIL - Feature tree error(s) after flatten:
[13:42:51]      - Feature: Flat-Pattern55 | Type: FlatPattern | ErrorCode: 51 | IsWarning: False
[13:42:51]    Elapsed: 00:00:03
[13:42:51]  
[13:42:51]  
[13:42:51]  SKIPS / WARNINGS
[13:42:51]  ----------------------------------------------------------------------
[13:42:51]  None
[13:42:51]  
[13:42:51]  SUCCESSFUL EXPORTS
[13:42:51]  ----------------------------------------------------------------------
[13:42:51]  FILE: 240-90391.SLDPRT
[13:42:51]    INFO - Rebuild succeeded.
[13:42:51]    INFO - No bends detected, skipping flat pattern validation.
[13:42:51]    OK - Exported to: Z:\FOXFAB_DATA\ENGINEERING\DESIGNERS\Lambert\Macros\Unit Testing\Test folder 1 - Error hande\200 Mech\201 CAD\test\240-90391.dxf
[13:42:51]    Elapsed: 00:00:02
[13:42:51]  
[13:42:51]  FILE: 240-90392.SLDPRT
[13:42:51]    INFO - Rebuild succeeded.
[13:42:51]    INFO - No bends detected, skipping flat pattern validation.
[13:42:51]    OK - Exported to: Z:\FOXFAB_DATA\ENGINEERING\DESIGNERS\Lambert\Macros\Unit Testing\Test folder 1 - Error hande\200 Mech\201 CAD\test\240-90392.dxf
[13:42:51]    Elapsed: 00:00:02
[13:42:51]  
[13:42:51]  FILE: 240-90393.SLDPRT
[13:42:51]    INFO - Rebuild succeeded.
[13:42:51]    INFO - No bends detected, skipping flat pattern validation.
[13:42:51]    OK - Exported to: Z:\FOXFAB_DATA\ENGINEERING\DESIGNERS\Lambert\Macros\Unit Testing\Test folder 1 - Error hande\200 Mech\201 CAD\test\240-90393.dxf
[13:42:51]    Elapsed: 00:00:02
[13:42:51]  
[13:42:51]  FILE: 240-90394 - Rollback bar check.SLDPRT
[13:42:51]    INFO - Rebuild succeeded.
[13:42:51]    INFO - Rolled forward, continuing.
[13:42:51]    INFO - No bends detected, skipping flat pattern validation.
[13:42:51]    OK - Exported to: Z:\FOXFAB_DATA\ENGINEERING\DESIGNERS\Lambert\Macros\Unit Testing\Test folder 1 - Error hande\200 Mech\201 CAD\test\240-90394 - Rollback bar check.dxf
[13:42:51]    Elapsed: 00:00:04
[13:42:51]  
[13:42:51]  FILE: 250-90355 - feature tree error.SLDPRT
[13:42:51]    WARN - ForceRebuild3 returned False.
[13:42:51]    INFO - Flattening: Flat-Pattern2
[13:42:51]    INFO - Flattened via EditUnsuppress2.
[13:42:51]    WARN - ForceRebuild3 returned False.
[13:42:51]    INFO - Flat pattern validation passed.
[13:42:51]    OK - Exported to: Z:\FOXFAB_DATA\ENGINEERING\DESIGNERS\Lambert\Macros\Unit Testing\Test folder 1 - Error hande\200 Mech\201 CAD\test\250-90355 - feature tree error.dxf
[13:42:51]    Elapsed: 00:00:06
[13:42:51]  
[13:42:51]  FILE: 250-90358 - Feature tree error.SLDPRT
[13:42:51]    WARN - ForceRebuild3 returned False.
[13:42:51]    INFO - Flattening: Flat-Pattern26
[13:42:51]    INFO - Flattened via EditUnsuppress2.
[13:42:51]    WARN - ForceRebuild3 returned False.
[13:42:51]    INFO - Flat pattern validation passed.
[13:42:51]    OK - Exported to: Z:\FOXFAB_DATA\ENGINEERING\DESIGNERS\Lambert\Macros\Unit Testing\Test folder 1 - Error hande\200 Mech\201 CAD\test\250-90358 - Feature tree error.dxf
[13:42:51]    Elapsed: 00:00:06
[13:42:51]  
[13:42:51]  FILE: 250-90359.SLDPRT
[13:42:51]    INFO - Rebuild succeeded.
[13:42:51]    INFO - Flattening: Flat-Pattern2
[13:42:51]    INFO - Flattened via EditUnsuppress2.
[13:42:51]    INFO - Rebuild succeeded.
[13:42:51]    INFO - Flat pattern validation passed.
[13:42:51]    OK - Exported to: Z:\FOXFAB_DATA\ENGINEERING\DESIGNERS\Lambert\Macros\Unit Testing\Test folder 1 - Error hande\200 Mech\201 CAD\test\250-90359.dxf
[13:42:51]    Elapsed: 00:00:04
[13:42:51]  
[13:42:51]  FILE: 250-90360.SLDPRT
[13:42:51]    INFO - Rebuild succeeded.
[13:42:51]    INFO - No bends detected, skipping flat pattern validation.
[13:42:51]    OK - Exported to: Z:\FOXFAB_DATA\ENGINEERING\DESIGNERS\Lambert\Macros\Unit Testing\Test folder 1 - Error hande\200 Mech\201 CAD\test\250-90360.dxf
[13:42:51]    Elapsed: 00:00:03
[13:42:51]  
[13:42:51]  FILE: 250-90361.SLDPRT
[13:42:51]    INFO - Rebuild succeeded.
[13:42:51]    INFO - Flattening: Flat-Pattern4
[13:42:51]    INFO - Flattened via EditUnsuppress2.
[13:42:51]    INFO - Rebuild succeeded.
[13:42:51]    INFO - Flat pattern validation passed.
[13:42:51]    OK - Exported to: Z:\FOXFAB_DATA\ENGINEERING\DESIGNERS\Lambert\Macros\Unit Testing\Test folder 1 - Error hande\200 Mech\201 CAD\test\250-90361.dxf
[13:42:51]    Elapsed: 00:00:03
[13:42:51]  
[13:42:51]  FILE: 250-90362.SLDPRT
[13:42:51]    INFO - Rebuild succeeded.
[13:42:51]    INFO - Flattening: Flat-Pattern2
[13:42:51]    INFO - Flattened via EditUnsuppress2.
[13:42:51]    INFO - Rebuild succeeded.
[13:42:51]    INFO - Flat pattern validation passed.
[13:42:51]    OK - Exported to: Z:\FOXFAB_DATA\ENGINEERING\DESIGNERS\Lambert\Macros\Unit Testing\Test folder 1 - Error hande\200 Mech\201 CAD\test\250-90362.dxf
[13:42:51]    Elapsed: 00:00:03
[13:42:51]  
[13:42:51]  FILE: 295-90032.SLDPRT
[13:42:51]    INFO - Rebuild succeeded.
[13:42:51]    INFO - No bends detected, skipping flat pattern validation.
[13:42:51]    OK - Exported to: Z:\FOXFAB_DATA\ENGINEERING\DESIGNERS\Lambert\Macros\Unit Testing\Test folder 1 - Error hande\200 Mech\201 CAD\test\295-90032.dxf
[13:42:51]    Elapsed: 00:00:02
[13:42:51]  
[13:42:51]  FILE: 295-90033.SLDPRT
[13:42:51]    INFO - Rebuild succeeded.
[13:42:51]    INFO - No bends detected, skipping flat pattern validation.
[13:42:51]    OK - Exported to: Z:\FOXFAB_DATA\ENGINEERING\DESIGNERS\Lambert\Macros\Unit Testing\Test folder 1 - Error hande\200 Mech\201 CAD\test\295-90033.dxf
[13:42:51]    Elapsed: 00:00:02
[13:42:51]  
[13:42:51]  
[13:42:51]  SUMMARY
[13:42:51]  ----------------------------------------------------------------------
[13:42:51]  Processed: 13
[13:42:51]  Exported: 12
[13:42:51]  Failed: 1
[13:42:51]  Skipped: 0
[13:42:51]  Average Time / Part: 00:00:03
[13:42:51]  Total Time: 00:00:49

======================================================================
  TOOL : SW Batch Update
  START: 2026-03-24 13:45:03
======================================================================
[13:45:03]  Params written — connecting to SolidWorks...
[13:45:03]  Connected to SolidWorks.
[13:45:03]  Running macro: SoldworksBatchUpdate.swp
[13:45:03]  Macro reported an error (code: 22).
[13:45:03]  
[13:45:03]  ── Property Update Log ──
[13:45:03]  COMBINED PROPERTY UPDATE LOG
[13:45:03]  Started: 3/24/2026 7:36:40 AM
[13:45:03]  Folder: Z:\FOXFAB_DATA\ENGINEERING\DESIGNERS\Lambert\Macros\Unit Testing\Test folder 1 - Error hande\200 Mech\201 CAD\
[13:45:03]  DrawnBy initials: PP
[13:45:03]  DwgDrawnBy initials: Passenger Princess
[13:45:03]  ======================================================================
[13:45:03]  
[13:45:03]  FAILURES
[13:45:03]  ----------------------------------------------------------------------
[13:45:03]  None
[13:45:03]  
[13:45:03]  SKIPS
[13:45:03]  ----------------------------------------------------------------------
[13:45:03]  None
[13:45:03]  
[13:45:03]  UPDATES
[13:45:03]  ----------------------------------------------------------------------
[13:45:03]  UPDATED - 100-90169.SLDASM | DrawnBy=PP
[13:45:03]  UPDATED - 100-90171.SLDASM | DrawnBy=PP
[13:45:03]  UPDATED - 100-90172.SLDASM | DrawnBy=PP
[13:45:03]  UPDATED - 100-90173.SLDASM | DrawnBy=PP
[13:45:03]  UPDATED - 100-90174.SLDASM | DrawnBy=PP
[13:45:03]  UPDATED - 240-90391.SLDPRT | DrawnBy=PP
[13:45:03]  UPDATED - 240-90392.SLDPRT | DrawnBy=PP
[13:45:03]  UPDATED - 240-90393.SLDPRT | DrawnBy=PP
[13:45:03]  UPDATED - 240-90394 - Rollback bar check.SLDPRT | DrawnBy=PP
[13:45:03]  UPDATED - 250-90355 - feature tree error.SLDPRT | DrawnBy=PP
[13:45:03]  UPDATED - 250-90356.SLDASM | DrawnBy=PP
[13:45:03]  UPDATED - 250-90357 - Flat pattern broken.SLDPRT | DrawnBy=PP
[13:45:03]  UPDATED - 250-90358 - Feature tree error.SLDPRT | DrawnBy=PP
[13:45:03]  UPDATED - 250-90359.SLDPRT | DrawnBy=PP
[13:45:03]  UPDATED - 250-90360.SLDPRT | DrawnBy=PP
[13:45:03]  UPDATED - 250-90361.SLDPRT | DrawnBy=PP
[13:45:03]  UPDATED - 250-90362.SLDASM | DrawnBy=PP
[13:45:03]  UPDATED - 250-90362.SLDPRT | DrawnBy=PP
[13:45:03]  UPDATED - 295-90032.SLDPRT | DrawnBy=PP
[13:45:03]  UPDATED - 295-90033.SLDPRT | DrawnBy=PP
[13:45:03]  
[13:45:03]  SUMMARY
[13:45:03]  ----------------------------------------------------------------------
[13:45:03]  Processed: 20
[13:45:03]  Updated: 20
[13:45:03]  Skipped: 0
[13:45:03]  Failed: 0
[13:45:03]  Skipped 003-: 1
[13:45:03]  Elapsed: 00:00:33

======================================================================
  TOOL : SW Batch Update
  START: 2026-03-24 14:00:59
======================================================================
[14:00:51]  Connected to SolidWorks.
[14:00:51]  Found 23 SolidWorks file(s).
[14:00:51]  ── DXF Export ──
[14:00:51]    [1/13]  240-90391.SLDPRT
[14:00:51]      dxf error — (-2147352573, 'Member not found.', None, None)
[14:00:51]    [2/13]  240-90392.SLDPRT
[14:00:52]      dxf error — (-2147352573, 'Member not found.', None, None)
[14:00:52]    [3/13]  240-90393.SLDPRT
[14:00:53]      dxf error — (-2147352573, 'Member not found.', None, None)
[14:00:53]    [4/13]  240-90394 - Rollback bar check.SLDPRT
[14:00:53]      dxf error — (-2147352573, 'Member not found.', None, None)
[14:00:53]    [5/13]  250-90355 - feature tree error.SLDPRT
[14:00:54]      dxf error — (-2147352573, 'Member not found.', None, None)
[14:00:54]    [6/13]  250-90357 - Flat pattern broken.SLDPRT
[14:00:54]      dxf error — (-2147352573, 'Member not found.', None, None)
[14:00:54]    [7/13]  250-90358 - Feature tree error.SLDPRT
[14:00:55]      dxf error — (-2147352573, 'Member not found.', None, None)
[14:00:55]    [8/13]  250-90359.SLDPRT
[14:00:56]      dxf error — (-2147352573, 'Member not found.', None, None)
[14:00:56]    [9/13]  250-90360.SLDPRT
[14:00:56]      dxf error — (-2147352573, 'Member not found.', None, None)
[14:00:56]    [10/13]  250-90361.SLDPRT
[14:00:57]      dxf error — (-2147352573, 'Member not found.', None, None)
[14:00:57]    [11/13]  250-90362.SLDPRT
[14:00:58]      dxf error — (-2147352573, 'Member not found.', None, None)
[14:00:58]    [12/13]  295-90032.SLDPRT
[14:00:59]      dxf error — (-2147352573, 'Member not found.', None, None)
[14:00:59]    [13/13]  295-90033.SLDPRT
[14:00:59]      dxf error — (-2147352573, 'Member not found.', None, None)
[14:00:59]  DXF done — 13 processed, 0 exported, 0 skipped, 13 failed.

======================================================================
  TOOL : SW Batch Update
  START: 2026-03-24 14:03:45
======================================================================
[14:03:36]  Connected to SolidWorks.
[14:03:36]  Found 23 SolidWorks file(s).
[14:03:36]  ── DXF Export ──
[14:03:36]    [1/13]  240-90391.SLDPRT
[14:03:37]      dxf error — (-2147352573, 'Member not found.', None, None)
[14:03:37]    [2/13]  240-90392.SLDPRT
[14:03:37]      dxf error — (-2147352573, 'Member not found.', None, None)
[14:03:37]    [3/13]  240-90393.SLDPRT
[14:03:38]      dxf error — (-2147352573, 'Member not found.', None, None)
[14:03:38]    [4/13]  240-90394 - Rollback bar check.SLDPRT
[14:03:38]      dxf error — (-2147352573, 'Member not found.', None, None)
[14:03:38]    [5/13]  250-90355 - feature tree error.SLDPRT
[14:03:39]      dxf error — (-2147352573, 'Member not found.', None, None)
[14:03:39]    [6/13]  250-90357 - Flat pattern broken.SLDPRT
[14:03:40]      dxf error — (-2147352573, 'Member not found.', None, None)
[14:03:40]    [7/13]  250-90358 - Feature tree error.SLDPRT
[14:03:40]      dxf error — (-2147352573, 'Member not found.', None, None)
[14:03:40]    [8/13]  250-90359.SLDPRT
[14:03:41]      dxf error — (-2147352573, 'Member not found.', None, None)
[14:03:41]    [9/13]  250-90360.SLDPRT
[14:03:42]      dxf error — (-2147352573, 'Member not found.', None, None)
[14:03:42]    [10/13]  250-90361.SLDPRT
[14:03:42]      dxf error — (-2147352573, 'Member not found.', None, None)
[14:03:42]    [11/13]  250-90362.SLDPRT
[14:03:43]      dxf error — (-2147352573, 'Member not found.', None, None)
[14:03:43]    [12/13]  295-90032.SLDPRT
[14:03:44]      dxf error — (-2147352573, 'Member not found.', None, None)
[14:03:44]    [13/13]  295-90033.SLDPRT
[14:03:45]      dxf error — (-2147352573, 'Member not found.', None, None)
[14:03:45]  DXF done — 13 processed, 0 exported, 0 skipped, 13 failed.

======================================================================
  TOOL : SW Batch Update
  START: 2026-03-24 14:05:07
======================================================================
[14:04:23]  Connected to SolidWorks.
[14:04:23]  Found 36 SolidWorks file(s).
[14:04:23]  ── Property Update ──
[14:04:23]    [1/36]  003-90043.SLDASM
[14:04:58]    [2/36]  100-90169.SLDASM
[14:04:58]    [3/36]  100-90171.SLDASM
[14:04:59]    [4/36]  100-90172.SLDASM
[14:05:00]    [5/36]  100-90173.SLDASM
[14:05:00]    [6/36]  100-90174.SLDASM
[14:05:00]    [7/36]  240-90391.SLDPRT
[14:05:01]    [8/36]  240-90392.SLDPRT
[14:05:01]    [9/36]  240-90393.SLDPRT
[14:05:01]    [10/36]  240-90394 - Rollback bar check.SLDPRT
[14:05:01]    [11/36]  250-90355 - feature tree error.SLDPRT
[14:05:01]    [12/36]  250-90356.SLDASM
[14:05:02]    [13/36]  250-90357 - Flat pattern broken.SLDPRT
[14:05:02]    [14/36]  250-90358 - Feature tree error.SLDPRT
[14:05:02]    [15/36]  250-90359.SLDPRT
[14:05:03]    [16/36]  250-90360.SLDPRT
[14:05:03]    [17/36]  250-90361.SLDPRT
[14:05:03]    [18/36]  250-90362.SLDASM
[14:05:03]    [19/36]  250-90362.SLDPRT
[14:05:03]    [20/36]  295-90032.SLDPRT
[14:05:04]    [21/36]  295-90033.SLDPRT
[14:05:04]    [22/36]  ~$003-40126.SLDASM
[14:05:04]      props error — OpenDoc6 returned None
[14:05:04]    [23/36]  ~$003-40126.SLDDRW
[14:05:04]      props error — OpenDoc6 returned None
[14:05:04]    [24/36]  ~$240-90391.SLDPRT
[14:05:05]      props error — OpenDoc6 returned None
[14:05:05]    [25/36]  ~$240-90392.SLDPRT
[14:05:05]      props error — OpenDoc6 returned None
[14:05:05]    [26/36]  ~$240-90393.SLDPRT
[14:05:05]      props error — OpenDoc6 returned None
[14:05:05]    [27/36]  ~$240-90394 - Rollback bar check.SLDPRT
[14:05:05]      props error — OpenDoc6 returned None
[14:05:05]    [28/36]  ~$250-90355 - feature tree error.SLDPRT
[14:05:05]      props error — OpenDoc6 returned None
[14:05:05]    [29/36]  ~$250-90357 - Flat pattern broken.SLDPRT
[14:05:06]      props error — OpenDoc6 returned None
[14:05:06]    [30/36]  ~$250-90358 - Feature tree error.SLDPRT
[14:05:06]      props error — OpenDoc6 returned None
[14:05:06]    [31/36]  ~$250-90359.SLDPRT
[14:05:06]      props error — OpenDoc6 returned None
[14:05:06]    [32/36]  ~$250-90360.SLDPRT
[14:05:06]      props error — OpenDoc6 returned None
[14:05:06]    [33/36]  ~$250-90361.SLDPRT
[14:05:06]      props error — OpenDoc6 returned None
[14:05:06]    [34/36]  ~$250-90362.SLDPRT
[14:05:07]      props error — OpenDoc6 returned None
[14:05:07]    [35/36]  ~$295-90032.SLDPRT
[14:05:07]      props error — OpenDoc6 returned None
[14:05:07]    [36/36]  ~$295-90033.SLDPRT
[14:05:07]      props error — OpenDoc6 returned None
[14:05:07]  Props done — 36 processed, 21 updated, 0 skipped, 15 failed.

======================================================================
  TOOL : SW Batch Update
  START: 2026-03-24 14:07:21
======================================================================
[14:07:11]  Connected to SolidWorks.
[14:07:11]  Found 23 SolidWorks file(s).
[14:07:11]  ── DXF Export ──
[14:07:11]    [1/13]  240-90391.SLDPRT
[14:07:13]      dxf error [feature scan] — (-2147352573, 'Member not found.', None, None)
[14:07:13]    [2/13]  240-90392.SLDPRT
[14:07:14]      dxf error [feature scan] — (-2147352573, 'Member not found.', None, None)
[14:07:14]    [3/13]  240-90393.SLDPRT
[14:07:14]      dxf error [feature scan] — (-2147352573, 'Member not found.', None, None)
[14:07:14]    [4/13]  240-90394 - Rollback bar check.SLDPRT
[14:07:15]      dxf error [feature scan] — (-2147352573, 'Member not found.', None, None)
[14:07:15]    [5/13]  250-90355 - feature tree error.SLDPRT
[14:07:15]      dxf error [feature scan] — (-2147352573, 'Member not found.', None, None)
[14:07:15]    [6/13]  250-90357 - Flat pattern broken.SLDPRT
[14:07:16]      dxf error [feature scan] — (-2147352573, 'Member not found.', None, None)
[14:07:16]    [7/13]  250-90358 - Feature tree error.SLDPRT
[14:07:16]      dxf error [feature scan] — (-2147352573, 'Member not found.', None, None)
[14:07:16]    [8/13]  250-90359.SLDPRT
[14:07:17]      dxf error [feature scan] — (-2147352573, 'Member not found.', None, None)
[14:07:17]    [9/13]  250-90360.SLDPRT
[14:07:18]      dxf error [feature scan] — (-2147352573, 'Member not found.', None, None)
[14:07:18]    [10/13]  250-90361.SLDPRT
[14:07:19]      dxf error [feature scan] — (-2147352573, 'Member not found.', None, None)
[14:07:19]    [11/13]  250-90362.SLDPRT
[14:07:19]      dxf error [feature scan] — (-2147352573, 'Member not found.', None, None)
[14:07:19]    [12/13]  295-90032.SLDPRT
[14:07:20]      dxf error [feature scan] — (-2147352573, 'Member not found.', None, None)
[14:07:20]    [13/13]  295-90033.SLDPRT
[14:07:21]      dxf error [feature scan] — (-2147352573, 'Member not found.', None, None)
[14:07:21]  DXF done — 13 processed, 0 exported, 0 skipped, 13 failed.

======================================================================
  TOOL : SW Batch Update
  START: 2026-03-24 14:14:17
======================================================================
[14:14:13]  Connected to SolidWorks.
[14:14:13]  Found 13 SolidWorks file(s).
[14:14:13]  ── DXF Export ──
[14:14:13]    [1/4]  240-90016.SLDPRT
[14:14:15]      dxf error — could not read configurations: 'tuple' object is not callable
[14:14:15]    [2/4]  240-90017.SLDPRT
[14:14:15]      dxf error — could not read configurations: 'tuple' object is not callable
[14:14:15]    [3/4]  250-90005.SLDPRT
[14:14:16]      dxf error — could not read configurations: 'tuple' object is not callable
[14:14:16]    [4/4]  250-90006.SLDPRT
[14:14:17]      dxf error — could not read configurations: 'tuple' object is not callable
[14:14:17]  DXF done — 4 processed, 0 exported, 0 skipped, 4 failed.

======================================================================
  TOOL : SW Batch Update
  START: 2026-03-24 14:15:31
======================================================================
[14:15:30]  Connected to SolidWorks.
[14:15:30]  Found 17 SolidWorks file(s).
[14:15:30]  ── DXF Export ──
[14:15:30]    [1/8]  240-90016.SLDPRT
[14:15:30]      dxf error — (-2147352571, 'Type mismatch.', None, 4)
[14:15:30]    [2/8]  240-90017.SLDPRT
[14:15:30]      dxf error — (-2147352571, 'Type mismatch.', None, 4)
[14:15:30]    [3/8]  250-90005.SLDPRT
[14:15:30]      dxf error — (-2147352571, 'Type mismatch.', None, 4)
[14:15:30]    [4/8]  250-90006.SLDPRT
[14:15:31]      dxf error — (-2147352571, 'Type mismatch.', None, 4)
[14:15:31]    [5/8]  ~$240-90016.SLDPRT
[14:15:31]      dxf error — OpenDoc6 returned None
[14:15:31]    [6/8]  ~$240-90017.SLDPRT
[14:15:31]      dxf error — OpenDoc6 returned None
[14:15:31]    [7/8]  ~$250-90005.SLDPRT
[14:15:31]      dxf error — OpenDoc6 returned None
[14:15:31]    [8/8]  ~$250-90006.SLDPRT
[14:15:31]      dxf error — OpenDoc6 returned None
[14:15:31]  DXF done — 8 processed, 0 exported, 0 skipped, 8 failed.

======================================================================
  TOOL : SW Batch Update
  START: 2026-03-24 14:17:17
======================================================================
[14:17:13]  Connected to SolidWorks.
[14:17:13]  Found 11 SolidWorks file(s).
[14:17:13]  ── DXF Export ──
[14:17:13]    [1/4]  240-90016.SLDPRT
[14:17:14]      dxf error — (-2147352571, 'Type mismatch.', None, 4)
[14:17:14]    [2/4]  240-90017.SLDPRT
[14:17:14]      dxf error — (-2147352571, 'Type mismatch.', None, 4)
[14:17:14]    [3/4]  250-90005.SLDPRT
[14:17:15]      dxf error — (-2147352571, 'Type mismatch.', None, 4)
[14:17:15]    [4/4]  250-90006.SLDPRT
[14:17:17]      dxf error — (-2147352571, 'Type mismatch.', None, 4)
[14:17:17]  DXF done — 4 processed, 0 exported, 0 skipped, 4 failed.

======================================================================
  TOOL : SW Batch Update
  START: 2026-03-24 14:21:12
======================================================================
[14:21:12]  Connected to SolidWorks.
[14:21:12]  Found 11 SolidWorks file(s).
[14:21:12]  ── DXF Export ──
[14:21:12]  Running DXF macro...
[14:21:12]  ── DXF Results ──
[14:21:12]    FAILED     (FAILED    240-90016.SLDPRT)
[14:21:12]    FAILED     (FAILED    240-90017.SLDPRT)
[14:21:12]    FAILED     (FAILED    250-90005.SLDPRT)
[14:21:12]    FAILED     (FAILED    250-90006.SLDPRT)
[14:21:12]  DXF done — 4 processed, 0 exported, 0 skipped, 4 failed.

======================================================================
  TOOL : SW Batch Update
  START: 2026-03-24 14:30:42
======================================================================
[14:30:41]  Connected to SolidWorks.
[14:30:41]  Running macro: SoldworksBatchUpdate.swp
[14:30:41]  SolidWorks will show a confirmation dialog — click Yes to proceed.
[14:30:42]  Macro error (code: 22).
[14:30:42]  ── DXF Export Log ──
[14:30:42]  FAILED    240-90016.SLDPRT
[14:30:42]  FAILED    240-90017.SLDPRT
[14:30:42]  FAILED    250-90005.SLDPRT
[14:30:42]  FAILED    250-90006.SLDPRT

======================================================================
  TOOL : SW Batch Update
  START: 2026-03-24 14:37:33
======================================================================
[14:37:29]  Connected to SolidWorks.
[14:37:29]  Found 11 SolidWorks file(s).
[14:37:29]  ── DXF Export ──
[14:37:29]    [1/4]  240-90016.SLDPRT
[14:37:30]      dxf error — (-2147352571, 'Type mismatch.', None, 4)
[14:37:30]    [2/4]  240-90017.SLDPRT
[14:37:31]      dxf error — (-2147352571, 'Type mismatch.', None, 4)
[14:37:31]    [3/4]  250-90005.SLDPRT
[14:37:32]      dxf error — (-2147352571, 'Type mismatch.', None, 4)
[14:37:32]    [4/4]  250-90006.SLDPRT
[14:37:33]      dxf error — (-2147352571, 'Type mismatch.', None, 4)
[14:37:33]  DXF done — 4 processed, 0 exported, 0 skipped, 4 failed.
